{
	"/Users/elkinmac/Desktop/Autorun/packages/autorun-core/vitest.config.ts": {
		"path": "/Users/elkinmac/Desktop/Autorun/packages/autorun-core/vitest.config.ts",
		"all": true,
		"statementMap": {
			"0": { "start": { "line": 1, "column": 0 }, "end": { "line": 1, "column": 45 } },
			"2": { "start": { "line": 3, "column": 0 }, "end": { "line": 3, "column": 29 } },
			"3": { "start": { "line": 4, "column": 0 }, "end": { "line": 4, "column": 8 } },
			"4": { "start": { "line": 5, "column": 0 }, "end": { "line": 5, "column": 16 } },
			"5": { "start": { "line": 6, "column": 0 }, "end": { "line": 6, "column": 22 } },
			"6": { "start": { "line": 7, "column": 0 }, "end": { "line": 7, "column": 13 } },
			"7": { "start": { "line": 8, "column": 0 }, "end": { "line": 8, "column": 18 } },
			"8": { "start": { "line": 9, "column": 0 }, "end": { "line": 9, "column": 38 } },
			"9": { "start": { "line": 10, "column": 0 }, "end": { "line": 10, "column": 13 } },
			"10": { "start": { "line": 11, "column": 0 }, "end": { "line": 11, "column": 20 } },
			"11": { "start": { "line": 12, "column": 0 }, "end": { "line": 12, "column": 12 } },
			"12": { "start": { "line": 13, "column": 0 }, "end": { "line": 13, "column": 19 } },
			"13": { "start": { "line": 14, "column": 0 }, "end": { "line": 14, "column": 19 } },
			"14": { "start": { "line": 15, "column": 0 }, "end": { "line": 15, "column": 5 } },
			"15": { "start": { "line": 16, "column": 0 }, "end": { "line": 16, "column": 4 } },
			"16": { "start": { "line": 17, "column": 0 }, "end": { "line": 17, "column": 3 } },
			"17": { "start": { "line": 18, "column": 0 }, "end": { "line": 18, "column": 3 } }
		},
		"s": {
			"0": 0,
			"2": 0,
			"3": 0,
			"4": 0,
			"5": 0,
			"6": 0,
			"7": 0,
			"8": 0,
			"9": 0,
			"10": 0,
			"11": 0,
			"12": 0,
			"13": 0,
			"14": 0,
			"15": 0,
			"16": 0,
			"17": 0
		},
		"branchMap": {
			"0": {
				"type": "branch",
				"line": 1,
				"loc": { "start": { "line": 1, "column": 0 }, "end": { "line": 18, "column": -106 } },
				"locations": [
					{ "start": { "line": 1, "column": 0 }, "end": { "line": 18, "column": -106 } }
				]
			}
		},
		"b": { "0": [0] },
		"fnMap": {
			"0": {
				"name": "(empty-report)",
				"decl": { "start": { "line": 1, "column": 0 }, "end": { "line": 18, "column": -106 } },
				"loc": { "start": { "line": 1, "column": 0 }, "end": { "line": 18, "column": -106 } },
				"line": 1
			}
		},
		"f": { "0": 0 }
	},
	"/Users/elkinmac/Desktop/Autorun/packages/autorun-core/src/AddonConflictDetector.ts": {
		"path": "/Users/elkinmac/Desktop/Autorun/packages/autorun-core/src/AddonConflictDetector.ts",
		"all": false,
		"statementMap": {
			"20": { "start": { "line": 21, "column": 0 }, "end": { "line": 21, "column": 49 } },
			"21": { "start": { "line": 22, "column": 0 }, "end": { "line": 22, "column": 2 } },
			"22": { "start": { "line": 23, "column": 0 }, "end": { "line": 23, "column": 29 } },
			"23": { "start": { "line": 24, "column": 0 }, "end": { "line": 24, "column": 63 } },
			"24": { "start": { "line": 25, "column": 0 }, "end": { "line": 25, "column": 58 } },
			"25": { "start": { "line": 26, "column": 0 }, "end": { "line": 26, "column": 3 } },
			"26": { "start": { "line": 27, "column": 0 }, "end": { "line": 27, "column": 2 } },
			"27": { "start": { "line": 28, "column": 0 }, "end": { "line": 28, "column": 38 } },
			"28": { "start": { "line": 29, "column": 0 }, "end": { "line": 29, "column": 88 } },
			"29": { "start": { "line": 30, "column": 0 }, "end": { "line": 30, "column": 70 } },
			"30": { "start": { "line": 31, "column": 0 }, "end": { "line": 31, "column": 3 } },
			"32": { "start": { "line": 33, "column": 0 }, "end": { "line": 33, "column": 2 } },
			"37": { "start": { "line": 38, "column": 0 }, "end": { "line": 38, "column": 36 } },
			"40": { "start": { "line": 41, "column": 0 }, "end": { "line": 41, "column": 65 } },
			"41": { "start": { "line": 42, "column": 0 }, "end": { "line": 42, "column": 39 } },
			"42": { "start": { "line": 43, "column": 0 }, "end": { "line": 43, "column": 2 } },
			"50": { "start": { "line": 51, "column": 0 }, "end": { "line": 51, "column": 15 } },
			"51": { "start": { "line": 52, "column": 0 }, "end": { "line": 52, "column": 18 } },
			"52": { "start": { "line": 53, "column": 0 }, "end": { "line": 53, "column": 27 } },
			"53": { "start": { "line": 54, "column": 0 }, "end": { "line": 54, "column": 66 } },
			"55": { "start": { "line": 56, "column": 0 }, "end": { "line": 56, "column": 59 } },
			"56": { "start": { "line": 57, "column": 0 }, "end": { "line": 57, "column": 34 } },
			"57": { "start": { "line": 58, "column": 0 }, "end": { "line": 58, "column": 4 } },
			"59": { "start": { "line": 60, "column": 0 }, "end": { "line": 60, "column": 23 } },
			"61": { "start": { "line": 62, "column": 0 }, "end": { "line": 62, "column": 15 } },
			"62": { "start": { "line": 63, "column": 0 }, "end": { "line": 63, "column": 3 } },
			"65": { "start": { "line": 66, "column": 0 }, "end": { "line": 66, "column": 53 } },
			"66": { "start": { "line": 67, "column": 0 }, "end": { "line": 67, "column": 57 } },
			"67": { "start": { "line": 68, "column": 0 }, "end": { "line": 68, "column": 4 } },
			"69": { "start": { "line": 70, "column": 0 }, "end": { "line": 70, "column": 25 } },
			"70": { "start": { "line": 71, "column": 0 }, "end": { "line": 71, "column": 11 } },
			"71": { "start": { "line": 72, "column": 0 }, "end": { "line": 72, "column": 28 } },
			"72": { "start": { "line": 73, "column": 0 }, "end": { "line": 73, "column": 21 } },
			"73": { "start": { "line": 74, "column": 0 }, "end": { "line": 74, "column": 5 } },
			"74": { "start": { "line": 75, "column": 0 }, "end": { "line": 75, "column": 3 } },
			"77": { "start": { "line": 78, "column": 0 }, "end": { "line": 78, "column": 14 } },
			"78": { "start": { "line": 79, "column": 0 }, "end": { "line": 79, "column": 2 } },
			"86": { "start": { "line": 87, "column": 0 }, "end": { "line": 87, "column": 24 } },
			"87": { "start": { "line": 88, "column": 0 }, "end": { "line": 88, "column": 21 } },
			"88": { "start": { "line": 89, "column": 0 }, "end": { "line": 89, "column": 27 } },
			"89": { "start": { "line": 90, "column": 0 }, "end": { "line": 90, "column": 83 } },
			"90": { "start": { "line": 91, "column": 0 }, "end": { "line": 91, "column": 26 } },
			"94": { "start": { "line": 95, "column": 0 }, "end": { "line": 95, "column": 10 } },
			"96": { "start": { "line": 97, "column": 0 }, "end": { "line": 97, "column": 35 } },
			"97": { "start": { "line": 98, "column": 0 }, "end": { "line": 98, "column": 64 } },
			"98": { "start": { "line": 99, "column": 0 }, "end": { "line": 99, "column": 18 } },
			"99": { "start": { "line": 100, "column": 0 }, "end": { "line": 100, "column": 20 } },
			"100": { "start": { "line": 101, "column": 0 }, "end": { "line": 101, "column": 13 } },
			"101": { "start": { "line": 102, "column": 0 }, "end": { "line": 102, "column": 17 } },
			"102": { "start": { "line": 103, "column": 0 }, "end": { "line": 103, "column": 7 } },
			"103": { "start": { "line": 104, "column": 0 }, "end": { "line": 104, "column": 4 } },
			"104": { "start": { "line": 105, "column": 0 }, "end": { "line": 105, "column": 3 } },
			"107": { "start": { "line": 108, "column": 0 }, "end": { "line": 108, "column": 45 } },
			"108": { "start": { "line": 109, "column": 0 }, "end": { "line": 109, "column": 50 } },
			"109": { "start": { "line": 110, "column": 0 }, "end": { "line": 110, "column": 51 } },
			"110": { "start": { "line": 111, "column": 0 }, "end": { "line": 111, "column": 15 } },
			"111": { "start": { "line": 112, "column": 0 }, "end": { "line": 112, "column": 43 } },
			"112": { "start": { "line": 113, "column": 0 }, "end": { "line": 113, "column": 41 } },
			"113": { "start": { "line": 114, "column": 0 }, "end": { "line": 114, "column": 6 } },
			"115": { "start": { "line": 116, "column": 0 }, "end": { "line": 116, "column": 24 } },
			"116": { "start": { "line": 117, "column": 0 }, "end": { "line": 117, "column": 21 } },
			"117": { "start": { "line": 118, "column": 0 }, "end": { "line": 118, "column": 27 } },
			"118": { "start": { "line": 119, "column": 0 }, "end": { "line": 119, "column": 30 } },
			"119": { "start": { "line": 120, "column": 0 }, "end": { "line": 120, "column": 36 } },
			"120": { "start": { "line": 121, "column": 0 }, "end": { "line": 121, "column": 8 } },
			"121": { "start": { "line": 122, "column": 0 }, "end": { "line": 122, "column": 5 } },
			"122": { "start": { "line": 123, "column": 0 }, "end": { "line": 123, "column": 4 } },
			"123": { "start": { "line": 124, "column": 0 }, "end": { "line": 124, "column": 3 } },
			"125": { "start": { "line": 126, "column": 0 }, "end": { "line": 126, "column": 19 } },
			"126": { "start": { "line": 127, "column": 0 }, "end": { "line": 127, "column": 2 } },
			"135": { "start": { "line": 136, "column": 0 }, "end": { "line": 136, "column": 22 } },
			"136": { "start": { "line": 137, "column": 0 }, "end": { "line": 137, "column": 18 } },
			"137": { "start": { "line": 138, "column": 0 }, "end": { "line": 138, "column": 26 } },
			"138": { "start": { "line": 139, "column": 0 }, "end": { "line": 139, "column": 27 } },
			"139": { "start": { "line": 140, "column": 0 }, "end": { "line": 140, "column": 12 } },
			"140": { "start": { "line": 141, "column": 0 }, "end": { "line": 141, "column": 72 } },
			"141": { "start": { "line": 142, "column": 0 }, "end": { "line": 142, "column": 47 } },
			"142": { "start": { "line": 143, "column": 0 }, "end": { "line": 143, "column": 98 } },
			"143": { "start": { "line": 144, "column": 0 }, "end": { "line": 144, "column": 41 } },
			"144": { "start": { "line": 145, "column": 0 }, "end": { "line": 145, "column": 58 } },
			"146": { "start": { "line": 147, "column": 0 }, "end": { "line": 147, "column": 29 } },
			"147": { "start": { "line": 148, "column": 0 }, "end": { "line": 148, "column": 107 } },
			"148": { "start": { "line": 149, "column": 0 }, "end": { "line": 149, "column": 31 } },
			"149": { "start": { "line": 150, "column": 0 }, "end": { "line": 150, "column": 84 } },
			"150": { "start": { "line": 151, "column": 0 }, "end": { "line": 151, "column": 79 } },
			"151": { "start": { "line": 152, "column": 0 }, "end": { "line": 152, "column": 42 } },
			"152": { "start": { "line": 153, "column": 0 }, "end": { "line": 153, "column": 92 } },
			"153": { "start": { "line": 154, "column": 0 }, "end": { "line": 154, "column": 4 } },
			"154": { "start": { "line": 155, "column": 0 }, "end": { "line": 155, "column": 10 } },
			"155": { "start": { "line": 156, "column": 0 }, "end": { "line": 156, "column": 31 } },
			"156": { "start": { "line": 157, "column": 0 }, "end": { "line": 157, "column": 84 } },
			"157": { "start": { "line": 158, "column": 0 }, "end": { "line": 158, "column": 79 } },
			"158": { "start": { "line": 159, "column": 0 }, "end": { "line": 159, "column": 3 } },
			"160": { "start": { "line": 161, "column": 0 }, "end": { "line": 161, "column": 17 } },
			"161": { "start": { "line": 162, "column": 0 }, "end": { "line": 162, "column": 2 } },
			"166": { "start": { "line": 167, "column": 0 }, "end": { "line": 167, "column": 39 } },
			"167": { "start": { "line": 168, "column": 0 }, "end": { "line": 168, "column": 29 } },
			"168": { "start": { "line": 169, "column": 0 }, "end": { "line": 169, "column": 2 } },
			"173": { "start": { "line": 174, "column": 0 }, "end": { "line": 174, "column": 47 } },
			"174": { "start": { "line": 175, "column": 0 }, "end": { "line": 175, "column": 34 } },
			"175": { "start": { "line": 176, "column": 0 }, "end": { "line": 176, "column": 2 } },
			"176": { "start": { "line": 177, "column": 0 }, "end": { "line": 177, "column": 1 } },
			"181": { "start": { "line": 182, "column": 0 }, "end": { "line": 182, "column": 47 } },
			"186": { "start": { "line": 187, "column": 0 }, "end": { "line": 187, "column": 13 } },
			"187": { "start": { "line": 188, "column": 0 }, "end": { "line": 188, "column": 18 } },
			"188": { "start": { "line": 189, "column": 0 }, "end": { "line": 189, "column": 12 } },
			"193": { "start": { "line": 194, "column": 0 }, "end": { "line": 194, "column": 4 } },
			"194": { "start": { "line": 195, "column": 0 }, "end": { "line": 195, "column": 17 } },
			"195": { "start": { "line": 196, "column": 0 }, "end": { "line": 196, "column": 35 } },
			"196": { "start": { "line": 197, "column": 0 }, "end": { "line": 197, "column": 33 } },
			"197": { "start": { "line": 198, "column": 0 }, "end": { "line": 198, "column": 51 } },
			"198": { "start": { "line": 199, "column": 0 }, "end": { "line": 199, "column": 45 } },
			"199": { "start": { "line": 200, "column": 0 }, "end": { "line": 200, "column": 2 } },
			"200": { "start": { "line": 201, "column": 0 }, "end": { "line": 201, "column": 1 } },
			"205": { "start": { "line": 206, "column": 0 }, "end": { "line": 206, "column": 66 } },
			"210": { "start": { "line": 211, "column": 0 }, "end": { "line": 211, "column": 62 } },
			"211": { "start": { "line": 212, "column": 0 }, "end": { "line": 212, "column": 33 } },
			"212": { "start": { "line": 213, "column": 0 }, "end": { "line": 213, "column": 57 } },
			"213": { "start": { "line": 214, "column": 0 }, "end": { "line": 214, "column": 2 } },
			"214": { "start": { "line": 215, "column": 0 }, "end": { "line": 215, "column": 33 } },
			"215": { "start": { "line": 216, "column": 0 }, "end": { "line": 216, "column": 1 } }
		},
		"s": {
			"20": 1,
			"21": 1,
			"22": 1,
			"23": 1,
			"24": 1,
			"25": 1,
			"26": 1,
			"27": 1,
			"28": 1,
			"29": 1,
			"30": 1,
			"32": 1,
			"37": 1,
			"40": 1,
			"41": 8,
			"42": 8,
			"50": 1,
			"51": 9,
			"52": 9,
			"53": 9,
			"55": 9,
			"56": 12,
			"57": 9,
			"59": 9,
			"61": 2,
			"62": 2,
			"65": 7,
			"66": 7,
			"67": 7,
			"69": 9,
			"70": 4,
			"71": 4,
			"72": 4,
			"73": 4,
			"74": 4,
			"77": 3,
			"78": 9,
			"86": 1,
			"87": 2,
			"88": 2,
			"89": 2,
			"90": 2,
			"94": 2,
			"96": 2,
			"97": 4,
			"98": 4,
			"99": 1,
			"100": 1,
			"101": 1,
			"102": 1,
			"103": 1,
			"104": 4,
			"107": 2,
			"108": 4,
			"109": 2,
			"110": 2,
			"111": 3,
			"112": 2,
			"113": 2,
			"115": 2,
			"116": 1,
			"117": 1,
			"118": 1,
			"119": 1,
			"120": 1,
			"121": 1,
			"122": 2,
			"123": 2,
			"125": 4,
			"126": 2,
			"135": 1,
			"136": 1,
			"137": 1,
			"138": 1,
			"139": 1,
			"140": 1,
			"141": 1,
			"142": 1,
			"143": 1,
			"144": 1,
			"146": 1,
			"147": 1,
			"148": 1,
			"149": 1,
			"150": 1,
			"151": 1,
			"152": 0,
			"153": 0,
			"154": 1,
			"155": 0,
			"156": 0,
			"157": 0,
			"158": 0,
			"160": 1,
			"161": 1,
			"166": 1,
			"167": 1,
			"168": 1,
			"173": 1,
			"174": 0,
			"175": 0,
			"176": 1,
			"181": 1,
			"186": 1,
			"187": 0,
			"188": 0,
			"193": 0,
			"194": 0,
			"195": 0,
			"196": 0,
			"197": 0,
			"198": 0,
			"199": 0,
			"200": 1,
			"205": 1,
			"210": 1,
			"211": 0,
			"212": 0,
			"213": 0,
			"214": 0,
			"215": 0
		},
		"branchMap": {
			"0": {
				"type": "branch",
				"line": 41,
				"loc": { "start": { "line": 41, "column": 1 }, "end": { "line": 43, "column": 2 } },
				"locations": [{ "start": { "line": 41, "column": 1 }, "end": { "line": 43, "column": 2 } }]
			},
			"1": {
				"type": "branch",
				"line": 51,
				"loc": { "start": { "line": 51, "column": 1 }, "end": { "line": 79, "column": 2 } },
				"locations": [{ "start": { "line": 51, "column": 1 }, "end": { "line": 79, "column": 2 } }]
			},
			"2": {
				"type": "branch",
				"line": 60,
				"loc": { "start": { "line": 60, "column": 22 }, "end": { "line": 63, "column": 3 } },
				"locations": [{ "start": { "line": 60, "column": 22 }, "end": { "line": 63, "column": 3 } }]
			},
			"3": {
				"type": "branch",
				"line": 63,
				"loc": { "start": { "line": 63, "column": 2 }, "end": { "line": 70, "column": 24 } },
				"locations": [{ "start": { "line": 63, "column": 2 }, "end": { "line": 70, "column": 24 } }]
			},
			"4": {
				"type": "branch",
				"line": 70,
				"loc": { "start": { "line": 70, "column": 24 }, "end": { "line": 75, "column": 3 } },
				"locations": [{ "start": { "line": 70, "column": 24 }, "end": { "line": 75, "column": 3 } }]
			},
			"5": {
				"type": "branch",
				"line": 75,
				"loc": { "start": { "line": 75, "column": 2 }, "end": { "line": 78, "column": 14 } },
				"locations": [{ "start": { "line": 75, "column": 2 }, "end": { "line": 78, "column": 14 } }]
			},
			"6": {
				"type": "branch",
				"line": 56,
				"loc": { "start": { "line": 56, "column": 49 }, "end": { "line": 57, "column": 34 } },
				"locations": [
					{ "start": { "line": 56, "column": 49 }, "end": { "line": 57, "column": 34 } }
				]
			},
			"7": {
				"type": "branch",
				"line": 67,
				"loc": { "start": { "line": 67, "column": 3 }, "end": { "line": 67, "column": 57 } },
				"locations": [{ "start": { "line": 67, "column": 3 }, "end": { "line": 67, "column": 57 } }]
			},
			"8": {
				"type": "branch",
				"line": 67,
				"loc": { "start": { "line": 67, "column": 18 }, "end": { "line": 67, "column": 57 } },
				"locations": [
					{ "start": { "line": 67, "column": 18 }, "end": { "line": 67, "column": 57 } }
				]
			},
			"9": {
				"type": "branch",
				"line": 87,
				"loc": { "start": { "line": 87, "column": 1 }, "end": { "line": 127, "column": 2 } },
				"locations": [{ "start": { "line": 87, "column": 1 }, "end": { "line": 127, "column": 2 } }]
			},
			"10": {
				"type": "branch",
				"line": 97,
				"loc": { "start": { "line": 97, "column": 34 }, "end": { "line": 105, "column": 3 } },
				"locations": [
					{ "start": { "line": 97, "column": 34 }, "end": { "line": 105, "column": 3 } }
				]
			},
			"11": {
				"type": "branch",
				"line": 99,
				"loc": { "start": { "line": 99, "column": 17 }, "end": { "line": 104, "column": 4 } },
				"locations": [
					{ "start": { "line": 99, "column": 17 }, "end": { "line": 104, "column": 4 } }
				]
			},
			"12": {
				"type": "branch",
				"line": 108,
				"loc": { "start": { "line": 108, "column": 44 }, "end": { "line": 126, "column": 19 } },
				"locations": [
					{ "start": { "line": 108, "column": 44 }, "end": { "line": 126, "column": 19 } }
				]
			},
			"13": {
				"type": "branch",
				"line": 109,
				"loc": { "start": { "line": 109, "column": 49 }, "end": { "line": 124, "column": 3 } },
				"locations": [
					{ "start": { "line": 109, "column": 49 }, "end": { "line": 124, "column": 3 } }
				]
			},
			"14": {
				"type": "branch",
				"line": 116,
				"loc": { "start": { "line": 116, "column": 23 }, "end": { "line": 122, "column": 5 } },
				"locations": [
					{ "start": { "line": 116, "column": 23 }, "end": { "line": 122, "column": 5 } }
				]
			},
			"15": {
				"type": "branch",
				"line": 111,
				"loc": { "start": { "line": 111, "column": 5 }, "end": { "line": 113, "column": 41 } },
				"locations": [
					{ "start": { "line": 111, "column": 5 }, "end": { "line": 113, "column": 41 } }
				]
			},
			"16": {
				"type": "branch",
				"line": 112,
				"loc": { "start": { "line": 112, "column": 39 }, "end": { "line": 113, "column": 41 } },
				"locations": [
					{ "start": { "line": 112, "column": 39 }, "end": { "line": 113, "column": 41 } }
				]
			},
			"17": {
				"type": "branch",
				"line": 136,
				"loc": { "start": { "line": 136, "column": 1 }, "end": { "line": 162, "column": 2 } },
				"locations": [
					{ "start": { "line": 136, "column": 1 }, "end": { "line": 162, "column": 2 } }
				]
			},
			"18": {
				"type": "branch",
				"line": 152,
				"loc": { "start": { "line": 152, "column": 41 }, "end": { "line": 154, "column": 4 } },
				"locations": [
					{ "start": { "line": 152, "column": 41 }, "end": { "line": 154, "column": 4 } }
				]
			},
			"19": {
				"type": "branch",
				"line": 155,
				"loc": { "start": { "line": 155, "column": 2 }, "end": { "line": 159, "column": 3 } },
				"locations": [
					{ "start": { "line": 155, "column": 2 }, "end": { "line": 159, "column": 3 } }
				]
			},
			"20": {
				"type": "branch",
				"line": 141,
				"loc": { "start": { "line": 141, "column": 41 }, "end": { "line": 141, "column": 58 } },
				"locations": [
					{ "start": { "line": 141, "column": 41 }, "end": { "line": 141, "column": 58 } }
				]
			},
			"21": {
				"type": "branch",
				"line": 167,
				"loc": { "start": { "line": 167, "column": 1 }, "end": { "line": 169, "column": 2 } },
				"locations": [
					{ "start": { "line": 167, "column": 1 }, "end": { "line": 169, "column": 2 } }
				]
			}
		},
		"b": {
			"0": [8],
			"1": [9],
			"2": [2],
			"3": [7],
			"4": [4],
			"5": [3],
			"6": [12],
			"7": [14],
			"8": [7],
			"9": [2],
			"10": [4],
			"11": [1],
			"12": [4],
			"13": [2],
			"14": [1],
			"15": [3],
			"16": [2],
			"17": [1],
			"18": [0],
			"19": [0],
			"20": [2],
			"21": [1]
		},
		"fnMap": {
			"0": {
				"name": "AddonConflictDetector",
				"decl": { "start": { "line": 41, "column": 1 }, "end": { "line": 43, "column": 2 } },
				"loc": { "start": { "line": 41, "column": 1 }, "end": { "line": 43, "column": 2 } },
				"line": 41
			},
			"1": {
				"name": "checkConflict",
				"decl": { "start": { "line": 51, "column": 1 }, "end": { "line": 79, "column": 2 } },
				"loc": { "start": { "line": 51, "column": 1 }, "end": { "line": 79, "column": 2 } },
				"line": 51
			},
			"2": {
				"name": "checkMultipleConflicts",
				"decl": { "start": { "line": 87, "column": 1 }, "end": { "line": 127, "column": 2 } },
				"loc": { "start": { "line": 87, "column": 1 }, "end": { "line": 127, "column": 2 } },
				"line": 87
			},
			"3": {
				"name": "generateErrorMessage",
				"decl": { "start": { "line": 136, "column": 1 }, "end": { "line": 162, "column": 2 } },
				"loc": { "start": { "line": 136, "column": 1 }, "end": { "line": 162, "column": 2 } },
				"line": 136
			},
			"4": {
				"name": "getConflictGroups",
				"decl": { "start": { "line": 167, "column": 1 }, "end": { "line": 169, "column": 2 } },
				"loc": { "start": { "line": 167, "column": 1 }, "end": { "line": 169, "column": 2 } },
				"line": 167
			},
			"5": {
				"name": "addConflictGroup",
				"decl": { "start": { "line": 174, "column": 1 }, "end": { "line": 176, "column": 2 } },
				"loc": { "start": { "line": 174, "column": 1 }, "end": { "line": 176, "column": 2 } },
				"line": 174
			},
			"6": {
				"name": "AddonConflictError",
				"decl": { "start": { "line": 187, "column": 1 }, "end": { "line": 200, "column": 2 } },
				"loc": { "start": { "line": 187, "column": 1 }, "end": { "line": 200, "column": 2 } },
				"line": 187
			},
			"7": {
				"name": "getConflictDetector",
				"decl": { "start": { "line": 211, "column": 7 }, "end": { "line": 216, "column": 1 } },
				"loc": { "start": { "line": 211, "column": 7 }, "end": { "line": 216, "column": 1 } },
				"line": 211
			}
		},
		"f": { "0": 8, "1": 9, "2": 2, "3": 1, "4": 1, "5": 0, "6": 0, "7": 0 }
	},
	"/Users/elkinmac/Desktop/Autorun/packages/autorun-core/src/AddonLoader.ts": {
		"path": "/Users/elkinmac/Desktop/Autorun/packages/autorun-core/src/AddonLoader.ts",
		"all": false,
		"statementMap": {
			"0": { "start": { "line": 1, "column": 0 }, "end": { "line": 1, "column": 3 } },
			"12": { "start": { "line": 13, "column": 0 }, "end": { "line": 13, "column": 26 } },
			"19": { "start": { "line": 20, "column": 0 }, "end": { "line": 20, "column": 49 } },
			"21": { "start": { "line": 22, "column": 0 }, "end": { "line": 22, "column": 49 } },
			"22": { "start": { "line": 23, "column": 0 }, "end": { "line": 23, "column": 14 } },
			"23": { "start": { "line": 24, "column": 0 }, "end": { "line": 24, "column": 44 } },
			"26": { "start": { "line": 27, "column": 0 }, "end": { "line": 27, "column": 7 } },
			"27": { "start": { "line": 28, "column": 0 }, "end": { "line": 28, "column": 45 } },
			"28": { "start": { "line": 29, "column": 0 }, "end": { "line": 29, "column": 30 } },
			"29": { "start": { "line": 30, "column": 0 }, "end": { "line": 30, "column": 67 } },
			"30": { "start": { "line": 31, "column": 0 }, "end": { "line": 31, "column": 4 } },
			"31": { "start": { "line": 32, "column": 0 }, "end": { "line": 32, "column": 19 } },
			"32": { "start": { "line": 33, "column": 0 }, "end": { "line": 33, "column": 82 } },
			"33": { "start": { "line": 34, "column": 0 }, "end": { "line": 34, "column": 3 } },
			"36": { "start": { "line": 37, "column": 0 }, "end": { "line": 37, "column": 27 } },
			"37": { "start": { "line": 38, "column": 0 }, "end": { "line": 38, "column": 72 } },
			"38": { "start": { "line": 39, "column": 0 }, "end": { "line": 39, "column": 66 } },
			"40": { "start": { "line": 41, "column": 0 }, "end": { "line": 41, "column": 7 } },
			"42": { "start": { "line": 43, "column": 0 }, "end": { "line": 43, "column": 68 } },
			"43": { "start": { "line": 44, "column": 0 }, "end": { "line": 44, "column": 42 } },
			"44": { "start": { "line": 45, "column": 0 }, "end": { "line": 45, "column": 11 } },
			"46": { "start": { "line": 47, "column": 0 }, "end": { "line": 47, "column": 8 } },
			"47": { "start": { "line": 48, "column": 0 }, "end": { "line": 48, "column": 71 } },
			"48": { "start": { "line": 49, "column": 0 }, "end": { "line": 49, "column": 51 } },
			"51": { "start": { "line": 52, "column": 0 }, "end": { "line": 52, "column": 16 } },
			"52": { "start": { "line": 53, "column": 0 }, "end": { "line": 53, "column": 28 } },
			"53": { "start": { "line": 54, "column": 0 }, "end": { "line": 54, "column": 34 } },
			"54": { "start": { "line": 55, "column": 0 }, "end": { "line": 55, "column": 48 } },
			"55": { "start": { "line": 56, "column": 0 }, "end": { "line": 56, "column": 49 } },
			"56": { "start": { "line": 57, "column": 0 }, "end": { "line": 57, "column": 49 } },
			"57": { "start": { "line": 58, "column": 0 }, "end": { "line": 58, "column": 53 } },
			"58": { "start": { "line": 59, "column": 0 }, "end": { "line": 59, "column": 6 } },
			"59": { "start": { "line": 60, "column": 0 }, "end": { "line": 60, "column": 20 } },
			"60": { "start": { "line": 61, "column": 0 }, "end": { "line": 61, "column": 89 } },
			"61": { "start": { "line": 62, "column": 0 }, "end": { "line": 62, "column": 4 } },
			"62": { "start": { "line": 63, "column": 0 }, "end": { "line": 63, "column": 3 } },
			"65": { "start": { "line": 66, "column": 0 }, "end": { "line": 66, "column": 54 } },
			"66": { "start": { "line": 67, "column": 0 }, "end": { "line": 67, "column": 94 } },
			"69": { "start": { "line": 70, "column": 0 }, "end": { "line": 70, "column": 23 } },
			"70": { "start": { "line": 71, "column": 0 }, "end": { "line": 71, "column": 7 } },
			"73": { "start": { "line": 74, "column": 0 }, "end": { "line": 74, "column": 42 } },
			"74": { "start": { "line": 75, "column": 0 }, "end": { "line": 75, "column": 19 } },
			"75": { "start": { "line": 76, "column": 0 }, "end": { "line": 76, "column": 81 } },
			"76": { "start": { "line": 77, "column": 0 }, "end": { "line": 77, "column": 3 } },
			"80": { "start": { "line": 81, "column": 0 }, "end": { "line": 81, "column": 20 } },
			"81": { "start": { "line": 82, "column": 0 }, "end": { "line": 82, "column": 25 } },
			"82": { "start": { "line": 83, "column": 0 }, "end": { "line": 83, "column": 34 } },
			"83": { "start": { "line": 84, "column": 0 }, "end": { "line": 84, "column": 44 } },
			"85": { "start": { "line": 86, "column": 0 }, "end": { "line": 86, "column": 20 } },
			"86": { "start": { "line": 87, "column": 0 }, "end": { "line": 87, "column": 74 } },
			"87": { "start": { "line": 88, "column": 0 }, "end": { "line": 88, "column": 3 } },
			"90": { "start": { "line": 91, "column": 0 }, "end": { "line": 91, "column": 33 } },
			"93": { "start": { "line": 94, "column": 0 }, "end": { "line": 94, "column": 34 } },
			"94": { "start": { "line": 95, "column": 0 }, "end": { "line": 95, "column": 86 } },
			"95": { "start": { "line": 96, "column": 0 }, "end": { "line": 96, "column": 3 } },
			"97": { "start": { "line": 98, "column": 0 }, "end": { "line": 98, "column": 15 } },
			"98": { "start": { "line": 99, "column": 0 }, "end": { "line": 99, "column": 2 } },
			"105": { "start": { "line": 106, "column": 0 }, "end": { "line": 106, "column": 97 } },
			"106": { "start": { "line": 107, "column": 0 }, "end": { "line": 107, "column": 41 } },
			"108": { "start": { "line": 109, "column": 0 }, "end": { "line": 109, "column": 91 } },
			"109": { "start": { "line": 110, "column": 0 }, "end": { "line": 110, "column": 19 } },
			"110": { "start": { "line": 111, "column": 0 }, "end": { "line": 111, "column": 3 } },
			"111": { "start": { "line": 112, "column": 0 }, "end": { "line": 112, "column": 80 } },
			"112": { "start": { "line": 113, "column": 0 }, "end": { "line": 113, "column": 20 } },
			"113": { "start": { "line": 114, "column": 0 }, "end": { "line": 114, "column": 3 } },
			"114": { "start": { "line": 115, "column": 0 }, "end": { "line": 115, "column": 6 } },
			"115": { "start": { "line": 116, "column": 0 }, "end": { "line": 116, "column": 29 } },
			"116": { "start": { "line": 117, "column": 0 }, "end": { "line": 117, "column": 30 } },
			"117": { "start": { "line": 118, "column": 0 }, "end": { "line": 118, "column": 29 } },
			"118": { "start": { "line": 119, "column": 0 }, "end": { "line": 119, "column": 30 } },
			"119": { "start": { "line": 120, "column": 0 }, "end": { "line": 120, "column": 5 } },
			"120": { "start": { "line": 121, "column": 0 }, "end": { "line": 121, "column": 23 } },
			"121": { "start": { "line": 122, "column": 0 }, "end": { "line": 122, "column": 3 } },
			"124": { "start": { "line": 125, "column": 0 }, "end": { "line": 125, "column": 21 } },
			"125": { "start": { "line": 126, "column": 0 }, "end": { "line": 126, "column": 2 } },
			"132": { "start": { "line": 133, "column": 0 }, "end": { "line": 133, "column": 48 } },
			"133": { "start": { "line": 134, "column": 0 }, "end": { "line": 134, "column": 10 } },
			"134": { "start": { "line": 135, "column": 0 }, "end": { "line": 135, "column": 32 } },
			"135": { "start": { "line": 136, "column": 0 }, "end": { "line": 136, "column": 34 } },
			"136": { "start": { "line": 137, "column": 0 }, "end": { "line": 137, "column": 37 } },
			"137": { "start": { "line": 138, "column": 0 }, "end": { "line": 138, "column": 34 } },
			"138": { "start": { "line": 139, "column": 0 }, "end": { "line": 139, "column": 41 } },
			"139": { "start": { "line": 140, "column": 0 }, "end": { "line": 140, "column": 42 } },
			"140": { "start": { "line": 141, "column": 0 }, "end": { "line": 141, "column": 39 } },
			"141": { "start": { "line": 142, "column": 0 }, "end": { "line": 142, "column": 40 } },
			"142": { "start": { "line": 143, "column": 0 }, "end": { "line": 143, "column": 38 } },
			"144": { "start": { "line": 145, "column": 0 }, "end": { "line": 145, "column": 2 } },
			"145": { "start": { "line": 146, "column": 0 }, "end": { "line": 146, "column": 1 } }
		},
		"s": {
			"0": 1,
			"12": 1,
			"19": 1,
			"21": 0,
			"22": 0,
			"23": 0,
			"26": 0,
			"27": 0,
			"28": 0,
			"29": 0,
			"30": 0,
			"31": 0,
			"32": 0,
			"33": 0,
			"36": 0,
			"37": 0,
			"38": 0,
			"40": 0,
			"42": 0,
			"43": 0,
			"44": 0,
			"46": 0,
			"47": 0,
			"48": 0,
			"51": 0,
			"52": 0,
			"53": 0,
			"54": 0,
			"55": 0,
			"56": 0,
			"57": 0,
			"58": 0,
			"59": 0,
			"60": 0,
			"61": 0,
			"62": 0,
			"65": 0,
			"66": 0,
			"69": 0,
			"70": 0,
			"73": 0,
			"74": 0,
			"75": 0,
			"76": 0,
			"80": 0,
			"81": 0,
			"82": 0,
			"83": 0,
			"85": 0,
			"86": 0,
			"87": 0,
			"90": 0,
			"93": 0,
			"94": 0,
			"95": 0,
			"97": 0,
			"98": 0,
			"105": 1,
			"106": 0,
			"108": 0,
			"109": 0,
			"110": 0,
			"111": 0,
			"112": 0,
			"113": 0,
			"114": 0,
			"115": 0,
			"116": 0,
			"117": 0,
			"118": 0,
			"119": 0,
			"120": 0,
			"121": 0,
			"124": 0,
			"125": 0,
			"132": 1,
			"133": 0,
			"134": 0,
			"135": 0,
			"136": 0,
			"137": 0,
			"138": 0,
			"139": 0,
			"140": 0,
			"141": 0,
			"142": 0,
			"144": 0,
			"145": 1
		},
		"branchMap": {},
		"b": {},
		"fnMap": {
			"0": {
				"name": "load",
				"decl": { "start": { "line": 20, "column": 1 }, "end": { "line": 99, "column": 2 } },
				"loc": { "start": { "line": 20, "column": 1 }, "end": { "line": 99, "column": 2 } },
				"line": 20
			},
			"1": {
				"name": "inferAddonType",
				"decl": { "start": { "line": 106, "column": 9 }, "end": { "line": 126, "column": 2 } },
				"loc": { "start": { "line": 106, "column": 9 }, "end": { "line": 126, "column": 2 } },
				"line": 106
			},
			"2": {
				"name": "isValidAddon",
				"decl": { "start": { "line": 133, "column": 9 }, "end": { "line": 145, "column": 2 } },
				"loc": { "start": { "line": 133, "column": 9 }, "end": { "line": 145, "column": 2 } },
				"line": 133
			}
		},
		"f": { "0": 0, "1": 0, "2": 0 }
	},
	"/Users/elkinmac/Desktop/Autorun/packages/autorun-core/src/AddonRegistry.ts": {
		"path": "/Users/elkinmac/Desktop/Autorun/packages/autorun-core/src/AddonRegistry.ts",
		"all": false,
		"statementMap": {
			"9": { "start": { "line": 10, "column": 0 }, "end": { "line": 10, "column": 28 } },
			"10": { "start": { "line": 11, "column": 0 }, "end": { "line": 11, "column": 49 } },
			"17": { "start": { "line": 18, "column": 0 }, "end": { "line": 18, "column": 32 } },
			"18": { "start": { "line": 19, "column": 0 }, "end": { "line": 19, "column": 34 } },
			"19": { "start": { "line": 20, "column": 0 }, "end": { "line": 20, "column": 60 } },
			"20": { "start": { "line": 21, "column": 0 }, "end": { "line": 21, "column": 3 } },
			"21": { "start": { "line": 22, "column": 0 }, "end": { "line": 22, "column": 35 } },
			"22": { "start": { "line": 23, "column": 0 }, "end": { "line": 23, "column": 2 } },
			"29": { "start": { "line": 30, "column": 0 }, "end": { "line": 30, "column": 43 } },
			"30": { "start": { "line": 31, "column": 0 }, "end": { "line": 31, "column": 34 } },
			"31": { "start": { "line": 32, "column": 0 }, "end": { "line": 32, "column": 2 } },
			"37": { "start": { "line": 38, "column": 0 }, "end": { "line": 38, "column": 21 } },
			"38": { "start": { "line": 39, "column": 0 }, "end": { "line": 39, "column": 42 } },
			"39": { "start": { "line": 40, "column": 0 }, "end": { "line": 40, "column": 2 } },
			"46": { "start": { "line": 47, "column": 0 }, "end": { "line": 47, "column": 32 } },
			"47": { "start": { "line": 48, "column": 0 }, "end": { "line": 48, "column": 34 } },
			"48": { "start": { "line": 49, "column": 0 }, "end": { "line": 49, "column": 2 } },
			"54": { "start": { "line": 55, "column": 0 }, "end": { "line": 55, "column": 36 } },
			"55": { "start": { "line": 56, "column": 0 }, "end": { "line": 56, "column": 30 } },
			"56": { "start": { "line": 57, "column": 0 }, "end": { "line": 57, "column": 2 } },
			"61": { "start": { "line": 62, "column": 0 }, "end": { "line": 62, "column": 16 } },
			"62": { "start": { "line": 63, "column": 0 }, "end": { "line": 63, "column": 22 } },
			"63": { "start": { "line": 64, "column": 0 }, "end": { "line": 64, "column": 2 } },
			"69": { "start": { "line": 70, "column": 0 }, "end": { "line": 70, "column": 17 } },
			"70": { "start": { "line": 71, "column": 0 }, "end": { "line": 71, "column": 26 } },
			"71": { "start": { "line": 72, "column": 0 }, "end": { "line": 72, "column": 2 } },
			"72": { "start": { "line": 73, "column": 0 }, "end": { "line": 73, "column": 1 } }
		},
		"s": {
			"9": 1,
			"10": 10,
			"17": 1,
			"18": 0,
			"19": 0,
			"20": 0,
			"21": 0,
			"22": 0,
			"29": 1,
			"30": 0,
			"31": 0,
			"37": 1,
			"38": 1,
			"39": 1,
			"46": 1,
			"47": 0,
			"48": 0,
			"54": 1,
			"55": 0,
			"56": 0,
			"61": 1,
			"62": 0,
			"63": 0,
			"69": 1,
			"70": 0,
			"71": 0,
			"72": 1
		},
		"branchMap": {
			"0": {
				"type": "branch",
				"line": 10,
				"loc": { "start": { "line": 10, "column": 7 }, "end": { "line": 11, "column": 49 } },
				"locations": [{ "start": { "line": 10, "column": 7 }, "end": { "line": 11, "column": 49 } }]
			},
			"1": {
				"type": "branch",
				"line": 38,
				"loc": { "start": { "line": 38, "column": 1 }, "end": { "line": 40, "column": 2 } },
				"locations": [{ "start": { "line": 38, "column": 1 }, "end": { "line": 40, "column": 2 } }]
			}
		},
		"b": { "0": [10], "1": [1] },
		"fnMap": {
			"0": {
				"name": "AddonRegistry",
				"decl": { "start": { "line": 10, "column": 7 }, "end": { "line": 11, "column": 49 } },
				"loc": { "start": { "line": 10, "column": 7 }, "end": { "line": 11, "column": 49 } },
				"line": 10
			},
			"1": {
				"name": "register",
				"decl": { "start": { "line": 18, "column": 1 }, "end": { "line": 23, "column": 2 } },
				"loc": { "start": { "line": 18, "column": 1 }, "end": { "line": 23, "column": 2 } },
				"line": 18
			},
			"2": {
				"name": "get",
				"decl": { "start": { "line": 30, "column": 1 }, "end": { "line": 32, "column": 2 } },
				"loc": { "start": { "line": 30, "column": 1 }, "end": { "line": 32, "column": 2 } },
				"line": 30
			},
			"3": {
				"name": "getAll",
				"decl": { "start": { "line": 38, "column": 1 }, "end": { "line": 40, "column": 2 } },
				"loc": { "start": { "line": 38, "column": 1 }, "end": { "line": 40, "column": 2 } },
				"line": 38
			},
			"4": {
				"name": "has",
				"decl": { "start": { "line": 47, "column": 1 }, "end": { "line": 49, "column": 2 } },
				"loc": { "start": { "line": 47, "column": 1 }, "end": { "line": 49, "column": 2 } },
				"line": 47
			},
			"5": {
				"name": "unregister",
				"decl": { "start": { "line": 55, "column": 1 }, "end": { "line": 57, "column": 2 } },
				"loc": { "start": { "line": 55, "column": 1 }, "end": { "line": 57, "column": 2 } },
				"line": 55
			},
			"6": {
				"name": "clear",
				"decl": { "start": { "line": 62, "column": 1 }, "end": { "line": 64, "column": 2 } },
				"loc": { "start": { "line": 62, "column": 1 }, "end": { "line": 64, "column": 2 } },
				"line": 62
			},
			"7": {
				"name": "size",
				"decl": { "start": { "line": 70, "column": 1 }, "end": { "line": 72, "column": 2 } },
				"loc": { "start": { "line": 70, "column": 1 }, "end": { "line": 72, "column": 2 } },
				"line": 70
			}
		},
		"f": { "0": 10, "1": 0, "2": 0, "3": 1, "4": 0, "5": 0, "6": 0, "7": 0 }
	},
	"/Users/elkinmac/Desktop/Autorun/packages/autorun-core/src/AutorunHub.ts": {
		"path": "/Users/elkinmac/Desktop/Autorun/packages/autorun-core/src/AutorunHub.ts",
		"all": false,
		"statementMap": {
			"0": { "start": { "line": 1, "column": 0 }, "end": { "line": 1, "column": 3 } },
			"27": { "start": { "line": 28, "column": 0 }, "end": { "line": 28, "column": 25 } },
			"31": { "start": { "line": 32, "column": 0 }, "end": { "line": 32, "column": 55 } },
			"33": { "start": { "line": 34, "column": 0 }, "end": { "line": 34, "column": 29 } },
			"39": { "start": { "line": 40, "column": 0 }, "end": { "line": 40, "column": 65 } },
			"40": { "start": { "line": 41, "column": 0 }, "end": { "line": 41, "column": 53 } },
			"41": { "start": { "line": 42, "column": 0 }, "end": { "line": 42, "column": 38 } },
			"42": { "start": { "line": 43, "column": 0 }, "end": { "line": 43, "column": 34 } },
			"45": { "start": { "line": 46, "column": 0 }, "end": { "line": 46, "column": 18 } },
			"46": { "start": { "line": 47, "column": 0 }, "end": { "line": 47, "column": 14 } },
			"47": { "start": { "line": 48, "column": 0 }, "end": { "line": 48, "column": 20 } },
			"48": { "start": { "line": 49, "column": 0 }, "end": { "line": 49, "column": 35 } },
			"49": { "start": { "line": 50, "column": 0 }, "end": { "line": 50, "column": 4 } },
			"50": { "start": { "line": 51, "column": 0 }, "end": { "line": 51, "column": 2 } },
			"56": { "start": { "line": 57, "column": 0 }, "end": { "line": 57, "column": 36 } },
			"57": { "start": { "line": 58, "column": 0 }, "end": { "line": 58, "column": 25 } },
			"58": { "start": { "line": 59, "column": 0 }, "end": { "line": 59, "column": 42 } },
			"59": { "start": { "line": 60, "column": 0 }, "end": { "line": 60, "column": 3 } },
			"62": { "start": { "line": 63, "column": 0 }, "end": { "line": 63, "column": 49 } },
			"63": { "start": { "line": 64, "column": 0 }, "end": { "line": 64, "column": 31 } },
			"66": { "start": { "line": 67, "column": 0 }, "end": { "line": 67, "column": 62 } },
			"68": { "start": { "line": 69, "column": 0 }, "end": { "line": 69, "column": 34 } },
			"70": { "start": { "line": 71, "column": 0 }, "end": { "line": 71, "column": 41 } },
			"71": { "start": { "line": 72, "column": 0 }, "end": { "line": 72, "column": 3 } },
			"73": { "start": { "line": 74, "column": 0 }, "end": { "line": 74, "column": 26 } },
			"74": { "start": { "line": 75, "column": 0 }, "end": { "line": 75, "column": 2 } },
			"81": { "start": { "line": 82, "column": 0 }, "end": { "line": 82, "column": 62 } },
			"83": { "start": { "line": 84, "column": 0 }, "end": { "line": 84, "column": 49 } },
			"84": { "start": { "line": 85, "column": 0 }, "end": { "line": 85, "column": 62 } },
			"85": { "start": { "line": 86, "column": 0 }, "end": { "line": 86, "column": 86 } },
			"87": { "start": { "line": 88, "column": 0 }, "end": { "line": 88, "column": 29 } },
			"89": { "start": { "line": 90, "column": 0 }, "end": { "line": 90, "column": 66 } },
			"90": { "start": { "line": 91, "column": 0 }, "end": { "line": 91, "column": 38 } },
			"91": { "start": { "line": 92, "column": 0 }, "end": { "line": 92, "column": 63 } },
			"92": { "start": { "line": 93, "column": 0 }, "end": { "line": 93, "column": 22 } },
			"93": { "start": { "line": 94, "column": 0 }, "end": { "line": 94, "column": 23 } },
			"94": { "start": { "line": 95, "column": 0 }, "end": { "line": 95, "column": 31 } },
			"95": { "start": { "line": 96, "column": 0 }, "end": { "line": 96, "column": 6 } },
			"96": { "start": { "line": 97, "column": 0 }, "end": { "line": 97, "column": 32 } },
			"97": { "start": { "line": 98, "column": 0 }, "end": { "line": 98, "column": 4 } },
			"98": { "start": { "line": 99, "column": 0 }, "end": { "line": 99, "column": 19 } },
			"99": { "start": { "line": 100, "column": 0 }, "end": { "line": 100, "column": 79 } },
			"100": { "start": { "line": 101, "column": 0 }, "end": { "line": 101, "column": 5 } },
			"101": { "start": { "line": 102, "column": 0 }, "end": { "line": 102, "column": 3 } },
			"104": { "start": { "line": 105, "column": 0 }, "end": { "line": 105, "column": 56 } },
			"106": { "start": { "line": 107, "column": 0 }, "end": { "line": 107, "column": 37 } },
			"107": { "start": { "line": 108, "column": 0 }, "end": { "line": 108, "column": 8 } },
			"108": { "start": { "line": 109, "column": 0 }, "end": { "line": 109, "column": 38 } },
			"109": { "start": { "line": 110, "column": 0 }, "end": { "line": 110, "column": 20 } },
			"110": { "start": { "line": 111, "column": 0 }, "end": { "line": 111, "column": 46 } },
			"112": { "start": { "line": 113, "column": 0 }, "end": { "line": 113, "column": 17 } },
			"113": { "start": { "line": 114, "column": 0 }, "end": { "line": 114, "column": 5 } },
			"114": { "start": { "line": 115, "column": 0 }, "end": { "line": 115, "column": 64 } },
			"116": { "start": { "line": 117, "column": 0 }, "end": { "line": 117, "column": 4 } },
			"117": { "start": { "line": 118, "column": 0 }, "end": { "line": 118, "column": 3 } },
			"118": { "start": { "line": 119, "column": 0 }, "end": { "line": 119, "column": 2 } },
			"126": { "start": { "line": 127, "column": 0 }, "end": { "line": 127, "column": 60 } },
			"127": { "start": { "line": 128, "column": 0 }, "end": { "line": 128, "column": 31 } },
			"128": { "start": { "line": 129, "column": 0 }, "end": { "line": 129, "column": 36 } },
			"130": { "start": { "line": 131, "column": 0 }, "end": { "line": 131, "column": 33 } },
			"131": { "start": { "line": 132, "column": 0 }, "end": { "line": 132, "column": 31 } },
			"134": { "start": { "line": 135, "column": 0 }, "end": { "line": 135, "column": 39 } },
			"135": { "start": { "line": 136, "column": 0 }, "end": { "line": 136, "column": 29 } },
			"136": { "start": { "line": 137, "column": 0 }, "end": { "line": 137, "column": 43 } },
			"137": { "start": { "line": 138, "column": 0 }, "end": { "line": 138, "column": 34 } },
			"138": { "start": { "line": 139, "column": 0 }, "end": { "line": 139, "column": 17 } },
			"139": { "start": { "line": 140, "column": 0 }, "end": { "line": 140, "column": 6 } },
			"140": { "start": { "line": 141, "column": 0 }, "end": { "line": 141, "column": 5 } },
			"141": { "start": { "line": 142, "column": 0 }, "end": { "line": 142, "column": 4 } },
			"143": { "start": { "line": 144, "column": 0 }, "end": { "line": 144, "column": 19 } },
			"144": { "start": { "line": 145, "column": 0 }, "end": { "line": 145, "column": 31 } },
			"145": { "start": { "line": 146, "column": 0 }, "end": { "line": 146, "column": 21 } },
			"146": { "start": { "line": 147, "column": 0 }, "end": { "line": 147, "column": 4 } },
			"147": { "start": { "line": 148, "column": 0 }, "end": { "line": 148, "column": 4 } },
			"149": { "start": { "line": 150, "column": 0 }, "end": { "line": 150, "column": 30 } },
			"150": { "start": { "line": 151, "column": 0 }, "end": { "line": 151, "column": 13 } },
			"151": { "start": { "line": 152, "column": 0 }, "end": { "line": 152, "column": 3 } },
			"153": { "start": { "line": 154, "column": 0 }, "end": { "line": 154, "column": 17 } },
			"154": { "start": { "line": 155, "column": 0 }, "end": { "line": 155, "column": 2 } },
			"160": { "start": { "line": 161, "column": 0 }, "end": { "line": 161, "column": 56 } },
			"161": { "start": { "line": 162, "column": 0 }, "end": { "line": 162, "column": 50 } },
			"162": { "start": { "line": 163, "column": 0 }, "end": { "line": 163, "column": 32 } },
			"163": { "start": { "line": 164, "column": 0 }, "end": { "line": 164, "column": 67 } },
			"164": { "start": { "line": 165, "column": 0 }, "end": { "line": 165, "column": 2 } },
			"171": { "start": { "line": 172, "column": 0 }, "end": { "line": 172, "column": 54 } },
			"172": { "start": { "line": 173, "column": 0 }, "end": { "line": 173, "column": 39 } },
			"173": { "start": { "line": 174, "column": 0 }, "end": { "line": 174, "column": 55 } },
			"174": { "start": { "line": 175, "column": 0 }, "end": { "line": 175, "column": 10 } },
			"175": { "start": { "line": 176, "column": 0 }, "end": { "line": 176, "column": 3 } },
			"178": { "start": { "line": 179, "column": 0 }, "end": { "line": 179, "column": 62 } },
			"179": { "start": { "line": 180, "column": 0 }, "end": { "line": 180, "column": 49 } },
			"180": { "start": { "line": 181, "column": 0 }, "end": { "line": 181, "column": 75 } },
			"182": { "start": { "line": 183, "column": 0 }, "end": { "line": 183, "column": 17 } },
			"183": { "start": { "line": 184, "column": 0 }, "end": { "line": 184, "column": 62 } },
			"184": { "start": { "line": 185, "column": 0 }, "end": { "line": 185, "column": 12 } },
			"185": { "start": { "line": 186, "column": 0 }, "end": { "line": 186, "column": 22 } },
			"186": { "start": { "line": 187, "column": 0 }, "end": { "line": 187, "column": 30 } },
			"187": { "start": { "line": 188, "column": 0 }, "end": { "line": 188, "column": 5 } },
			"188": { "start": { "line": 189, "column": 0 }, "end": { "line": 189, "column": 47 } },
			"189": { "start": { "line": 190, "column": 0 }, "end": { "line": 190, "column": 12 } },
			"190": { "start": { "line": 191, "column": 0 }, "end": { "line": 191, "column": 48 } },
			"191": { "start": { "line": 192, "column": 0 }, "end": { "line": 192, "column": 37 } },
			"192": { "start": { "line": 193, "column": 0 }, "end": { "line": 193, "column": 6 } },
			"193": { "start": { "line": 194, "column": 0 }, "end": { "line": 194, "column": 3 } },
			"195": { "start": { "line": 196, "column": 0 }, "end": { "line": 196, "column": 41 } },
			"198": { "start": { "line": 199, "column": 0 }, "end": { "line": 199, "column": 15 } },
			"199": { "start": { "line": 200, "column": 0 }, "end": { "line": 200, "column": 48 } },
			"200": { "start": { "line": 201, "column": 0 }, "end": { "line": 201, "column": 19 } },
			"201": { "start": { "line": 202, "column": 0 }, "end": { "line": 202, "column": 9 } },
			"202": { "start": { "line": 203, "column": 0 }, "end": { "line": 203, "column": 47 } },
			"203": { "start": { "line": 204, "column": 0 }, "end": { "line": 204, "column": 35 } },
			"204": { "start": { "line": 205, "column": 0 }, "end": { "line": 205, "column": 26 } },
			"205": { "start": { "line": 206, "column": 0 }, "end": { "line": 206, "column": 30 } },
			"206": { "start": { "line": 207, "column": 0 }, "end": { "line": 207, "column": 14 } },
			"207": { "start": { "line": 208, "column": 0 }, "end": { "line": 208, "column": 16 } },
			"208": { "start": { "line": 209, "column": 0 }, "end": { "line": 209, "column": 53 } },
			"209": { "start": { "line": 210, "column": 0 }, "end": { "line": 210, "column": 7 } },
			"210": { "start": { "line": 211, "column": 0 }, "end": { "line": 211, "column": 5 } },
			"211": { "start": { "line": 212, "column": 0 }, "end": { "line": 212, "column": 11 } },
			"212": { "start": { "line": 213, "column": 0 }, "end": { "line": 213, "column": 41 } },
			"213": { "start": { "line": 214, "column": 0 }, "end": { "line": 214, "column": 14 } },
			"214": { "start": { "line": 215, "column": 0 }, "end": { "line": 215, "column": 23 } },
			"215": { "start": { "line": 216, "column": 0 }, "end": { "line": 216, "column": 59 } },
			"216": { "start": { "line": 217, "column": 0 }, "end": { "line": 217, "column": 4 } },
			"217": { "start": { "line": 218, "column": 0 }, "end": { "line": 218, "column": 3 } },
			"220": { "start": { "line": 221, "column": 0 }, "end": { "line": 221, "column": 38 } },
			"223": { "start": { "line": 224, "column": 0 }, "end": { "line": 224, "column": 7 } },
			"224": { "start": { "line": 225, "column": 0 }, "end": { "line": 225, "column": 40 } },
			"225": { "start": { "line": 226, "column": 0 }, "end": { "line": 226, "column": 24 } },
			"226": { "start": { "line": 227, "column": 0 }, "end": { "line": 227, "column": 38 } },
			"227": { "start": { "line": 228, "column": 0 }, "end": { "line": 228, "column": 12 } },
			"228": { "start": { "line": 229, "column": 0 }, "end": { "line": 229, "column": 56 } },
			"229": { "start": { "line": 230, "column": 0 }, "end": { "line": 230, "column": 5 } },
			"230": { "start": { "line": 231, "column": 0 }, "end": { "line": 231, "column": 3 } },
			"233": { "start": { "line": 234, "column": 0 }, "end": { "line": 234, "column": 65 } },
			"234": { "start": { "line": 235, "column": 0 }, "end": { "line": 235, "column": 59 } },
			"235": { "start": { "line": 236, "column": 0 }, "end": { "line": 236, "column": 38 } },
			"236": { "start": { "line": 237, "column": 0 }, "end": { "line": 237, "column": 3 } },
			"239": { "start": { "line": 240, "column": 0 }, "end": { "line": 240, "column": 23 } },
			"240": { "start": { "line": 241, "column": 0 }, "end": { "line": 241, "column": 8 } },
			"241": { "start": { "line": 242, "column": 0 }, "end": { "line": 242, "column": 27 } },
			"242": { "start": { "line": 243, "column": 0 }, "end": { "line": 243, "column": 25 } },
			"243": { "start": { "line": 244, "column": 0 }, "end": { "line": 244, "column": 35 } },
			"244": { "start": { "line": 245, "column": 0 }, "end": { "line": 245, "column": 13 } },
			"245": { "start": { "line": 246, "column": 0 }, "end": { "line": 246, "column": 53 } },
			"246": { "start": { "line": 247, "column": 0 }, "end": { "line": 247, "column": 6 } },
			"247": { "start": { "line": 248, "column": 0 }, "end": { "line": 248, "column": 4 } },
			"248": { "start": { "line": 249, "column": 0 }, "end": { "line": 249, "column": 3 } },
			"250": { "start": { "line": 251, "column": 0 }, "end": { "line": 251, "column": 40 } },
			"253": { "start": { "line": 254, "column": 0 }, "end": { "line": 254, "column": 45 } },
			"255": { "start": { "line": 256, "column": 0 }, "end": { "line": 256, "column": 50 } },
			"256": { "start": { "line": 257, "column": 0 }, "end": { "line": 257, "column": 2 } },
			"264": { "start": { "line": 265, "column": 0 }, "end": { "line": 265, "column": 64 } },
			"265": { "start": { "line": 266, "column": 0 }, "end": { "line": 266, "column": 63 } },
			"266": { "start": { "line": 267, "column": 0 }, "end": { "line": 267, "column": 10 } },
			"267": { "start": { "line": 268, "column": 0 }, "end": { "line": 268, "column": 3 } },
			"269": { "start": { "line": 270, "column": 0 }, "end": { "line": 270, "column": 35 } },
			"270": { "start": { "line": 271, "column": 0 }, "end": { "line": 271, "column": 43 } },
			"271": { "start": { "line": 272, "column": 0 }, "end": { "line": 272, "column": 49 } },
			"272": { "start": { "line": 273, "column": 0 }, "end": { "line": 273, "column": 43 } },
			"273": { "start": { "line": 274, "column": 0 }, "end": { "line": 274, "column": 28 } },
			"274": { "start": { "line": 275, "column": 0 }, "end": { "line": 275, "column": 4 } },
			"275": { "start": { "line": 276, "column": 0 }, "end": { "line": 276, "column": 3 } },
			"277": { "start": { "line": 278, "column": 0 }, "end": { "line": 278, "column": 31 } },
			"278": { "start": { "line": 279, "column": 0 }, "end": { "line": 279, "column": 59 } },
			"279": { "start": { "line": 280, "column": 0 }, "end": { "line": 280, "column": 3 } },
			"280": { "start": { "line": 281, "column": 0 }, "end": { "line": 281, "column": 2 } },
			"288": { "start": { "line": 289, "column": 0 }, "end": { "line": 289, "column": 55 } },
			"289": { "start": { "line": 290, "column": 0 }, "end": { "line": 290, "column": 37 } },
			"290": { "start": { "line": 291, "column": 0 }, "end": { "line": 291, "column": 64 } },
			"291": { "start": { "line": 292, "column": 0 }, "end": { "line": 292, "column": 37 } },
			"292": { "start": { "line": 293, "column": 0 }, "end": { "line": 293, "column": 2 } },
			"298": { "start": { "line": 299, "column": 0 }, "end": { "line": 299, "column": 56 } },
			"299": { "start": { "line": 300, "column": 0 }, "end": { "line": 300, "column": 47 } },
			"300": { "start": { "line": 301, "column": 0 }, "end": { "line": 301, "column": 15 } },
			"301": { "start": { "line": 302, "column": 0 }, "end": { "line": 302, "column": 55 } },
			"302": { "start": { "line": 303, "column": 0 }, "end": { "line": 303, "column": 10 } },
			"303": { "start": { "line": 304, "column": 0 }, "end": { "line": 304, "column": 3 } },
			"305": { "start": { "line": 306, "column": 0 }, "end": { "line": 306, "column": 25 } },
			"306": { "start": { "line": 307, "column": 0 }, "end": { "line": 307, "column": 28 } },
			"307": { "start": { "line": 308, "column": 0 }, "end": { "line": 308, "column": 3 } },
			"309": { "start": { "line": 310, "column": 0 }, "end": { "line": 310, "column": 36 } },
			"310": { "start": { "line": 311, "column": 0 }, "end": { "line": 311, "column": 48 } },
			"312": { "start": { "line": 313, "column": 0 }, "end": { "line": 313, "column": 54 } },
			"313": { "start": { "line": 314, "column": 0 }, "end": { "line": 314, "column": 2 } },
			"320": { "start": { "line": 321, "column": 0 }, "end": { "line": 321, "column": 60 } },
			"323": { "start": { "line": 324, "column": 0 }, "end": { "line": 324, "column": 76 } },
			"325": { "start": { "line": 326, "column": 0 }, "end": { "line": 326, "column": 51 } },
			"326": { "start": { "line": 327, "column": 0 }, "end": { "line": 327, "column": 37 } },
			"327": { "start": { "line": 328, "column": 0 }, "end": { "line": 328, "column": 54 } },
			"328": { "start": { "line": 329, "column": 0 }, "end": { "line": 329, "column": 58 } },
			"330": { "start": { "line": 331, "column": 0 }, "end": { "line": 331, "column": 40 } },
			"331": { "start": { "line": 332, "column": 0 }, "end": { "line": 332, "column": 10 } },
			"332": { "start": { "line": 333, "column": 0 }, "end": { "line": 333, "column": 48 } },
			"333": { "start": { "line": 334, "column": 0 }, "end": { "line": 334, "column": 22 } },
			"334": { "start": { "line": 335, "column": 0 }, "end": { "line": 335, "column": 85 } },
			"335": { "start": { "line": 336, "column": 0 }, "end": { "line": 336, "column": 6 } },
			"336": { "start": { "line": 337, "column": 0 }, "end": { "line": 337, "column": 5 } },
			"337": { "start": { "line": 338, "column": 0 }, "end": { "line": 338, "column": 4 } },
			"338": { "start": { "line": 339, "column": 0 }, "end": { "line": 339, "column": 3 } },
			"339": { "start": { "line": 340, "column": 0 }, "end": { "line": 340, "column": 2 } },
			"345": { "start": { "line": 346, "column": 0 }, "end": { "line": 346, "column": 33 } },
			"346": { "start": { "line": 347, "column": 0 }, "end": { "line": 347, "column": 32 } },
			"347": { "start": { "line": 348, "column": 0 }, "end": { "line": 348, "column": 2 } },
			"353": { "start": { "line": 354, "column": 0 }, "end": { "line": 354, "column": 30 } },
			"354": { "start": { "line": 355, "column": 0 }, "end": { "line": 355, "column": 48 } },
			"355": { "start": { "line": 356, "column": 0 }, "end": { "line": 356, "column": 2 } },
			"362": { "start": { "line": 363, "column": 0 }, "end": { "line": 363, "column": 48 } },
			"363": { "start": { "line": 364, "column": 0 }, "end": { "line": 364, "column": 40 } },
			"364": { "start": { "line": 365, "column": 0 }, "end": { "line": 365, "column": 2 } },
			"372": { "start": { "line": 373, "column": 0 }, "end": { "line": 373, "column": 68 } },
			"373": { "start": { "line": 374, "column": 0 }, "end": { "line": 374, "column": 26 } },
			"374": { "start": { "line": 375, "column": 0 }, "end": { "line": 375, "column": 82 } },
			"375": { "start": { "line": 376, "column": 0 }, "end": { "line": 376, "column": 3 } },
			"377": { "start": { "line": 378, "column": 0 }, "end": { "line": 378, "column": 47 } },
			"378": { "start": { "line": 379, "column": 0 }, "end": { "line": 379, "column": 15 } },
			"379": { "start": { "line": 380, "column": 0 }, "end": { "line": 380, "column": 41 } },
			"380": { "start": { "line": 381, "column": 0 }, "end": { "line": 381, "column": 3 } },
			"382": { "start": { "line": 383, "column": 0 }, "end": { "line": 383, "column": 36 } },
			"383": { "start": { "line": 384, "column": 0 }, "end": { "line": 384, "column": 34 } },
			"384": { "start": { "line": 385, "column": 0 }, "end": { "line": 385, "column": 12 } },
			"385": { "start": { "line": 386, "column": 0 }, "end": { "line": 386, "column": 16 } },
			"386": { "start": { "line": 387, "column": 0 }, "end": { "line": 387, "column": 5 } },
			"387": { "start": { "line": 388, "column": 0 }, "end": { "line": 388, "column": 3 } },
			"389": { "start": { "line": 390, "column": 0 }, "end": { "line": 390, "column": 52 } },
			"390": { "start": { "line": 391, "column": 0 }, "end": { "line": 391, "column": 57 } },
			"391": { "start": { "line": 392, "column": 0 }, "end": { "line": 392, "column": 40 } },
			"393": { "start": { "line": 394, "column": 0 }, "end": { "line": 394, "column": 17 } },
			"394": { "start": { "line": 395, "column": 0 }, "end": { "line": 395, "column": 51 } },
			"395": { "start": { "line": 396, "column": 0 }, "end": { "line": 396, "column": 56 } },
			"396": { "start": { "line": 397, "column": 0 }, "end": { "line": 397, "column": 3 } },
			"398": { "start": { "line": 399, "column": 0 }, "end": { "line": 399, "column": 17 } },
			"399": { "start": { "line": 400, "column": 0 }, "end": { "line": 400, "column": 2 } },
			"405": { "start": { "line": 406, "column": 0 }, "end": { "line": 406, "column": 27 } },
			"406": { "start": { "line": 407, "column": 0 }, "end": { "line": 407, "column": 26 } },
			"407": { "start": { "line": 408, "column": 0 }, "end": { "line": 408, "column": 2 } },
			"408": { "start": { "line": 409, "column": 0 }, "end": { "line": 409, "column": 1 } }
		},
		"s": {
			"0": 1,
			"27": 1,
			"31": 1,
			"33": 1,
			"39": 1,
			"40": 10,
			"41": 10,
			"42": 10,
			"45": 10,
			"46": 10,
			"47": 10,
			"48": 10,
			"49": 10,
			"50": 10,
			"56": 1,
			"57": 6,
			"58": 1,
			"59": 1,
			"62": 5,
			"63": 5,
			"66": 6,
			"68": 6,
			"70": 0,
			"71": 0,
			"73": 5,
			"74": 6,
			"81": 1,
			"83": 0,
			"84": 0,
			"85": 0,
			"87": 0,
			"89": 0,
			"90": 0,
			"91": 0,
			"92": 0,
			"93": 0,
			"94": 0,
			"95": 0,
			"96": 0,
			"97": 0,
			"98": 0,
			"99": 0,
			"100": 0,
			"101": 0,
			"104": 0,
			"106": 0,
			"107": 0,
			"108": 0,
			"109": 0,
			"110": 0,
			"112": 0,
			"113": 0,
			"114": 0,
			"116": 0,
			"117": 0,
			"118": 0,
			"126": 1,
			"127": 0,
			"128": 0,
			"130": 0,
			"131": 0,
			"134": 0,
			"135": 0,
			"136": 0,
			"137": 0,
			"138": 0,
			"139": 0,
			"140": 0,
			"141": 0,
			"143": 0,
			"144": 0,
			"145": 0,
			"146": 0,
			"147": 0,
			"149": 0,
			"150": 0,
			"151": 0,
			"153": 0,
			"154": 0,
			"160": 1,
			"161": 0,
			"162": 0,
			"163": 0,
			"164": 0,
			"171": 1,
			"172": 0,
			"173": 0,
			"174": 0,
			"175": 0,
			"178": 0,
			"179": 0,
			"180": 0,
			"182": 0,
			"183": 0,
			"184": 0,
			"185": 0,
			"186": 0,
			"187": 0,
			"188": 0,
			"189": 0,
			"190": 0,
			"191": 0,
			"192": 0,
			"193": 0,
			"195": 0,
			"198": 0,
			"199": 0,
			"200": 0,
			"201": 0,
			"202": 0,
			"203": 0,
			"204": 0,
			"205": 0,
			"206": 0,
			"207": 0,
			"208": 0,
			"209": 0,
			"210": 0,
			"211": 0,
			"212": 0,
			"213": 0,
			"214": 0,
			"215": 0,
			"216": 0,
			"217": 0,
			"220": 0,
			"223": 0,
			"224": 0,
			"225": 0,
			"226": 0,
			"227": 0,
			"228": 0,
			"229": 0,
			"230": 0,
			"233": 0,
			"234": 0,
			"235": 0,
			"236": 0,
			"239": 0,
			"240": 0,
			"241": 0,
			"242": 0,
			"243": 0,
			"244": 0,
			"245": 0,
			"246": 0,
			"247": 0,
			"248": 0,
			"250": 0,
			"253": 0,
			"255": 0,
			"256": 0,
			"264": 1,
			"265": 0,
			"266": 0,
			"267": 0,
			"269": 0,
			"270": 0,
			"271": 0,
			"272": 0,
			"273": 0,
			"274": 0,
			"275": 0,
			"277": 0,
			"278": 0,
			"279": 0,
			"280": 0,
			"288": 1,
			"289": 0,
			"290": 0,
			"291": 0,
			"292": 0,
			"298": 1,
			"299": 0,
			"300": 0,
			"301": 0,
			"302": 0,
			"303": 0,
			"305": 0,
			"306": 0,
			"307": 0,
			"309": 0,
			"310": 0,
			"312": 0,
			"313": 0,
			"320": 1,
			"323": 0,
			"325": 0,
			"326": 0,
			"327": 0,
			"328": 0,
			"330": 0,
			"331": 0,
			"332": 0,
			"333": 0,
			"334": 0,
			"335": 0,
			"336": 0,
			"337": 0,
			"338": 0,
			"339": 0,
			"345": 1,
			"346": 1,
			"347": 1,
			"353": 1,
			"354": 1,
			"355": 1,
			"362": 1,
			"363": 0,
			"364": 0,
			"372": 1,
			"373": 0,
			"374": 0,
			"375": 0,
			"377": 0,
			"378": 0,
			"379": 0,
			"380": 0,
			"382": 0,
			"383": 0,
			"384": 0,
			"385": 0,
			"386": 0,
			"387": 0,
			"389": 0,
			"390": 0,
			"391": 0,
			"393": 0,
			"394": 0,
			"395": 0,
			"396": 0,
			"398": 0,
			"399": 0,
			"405": 1,
			"406": 3,
			"407": 3,
			"408": 1
		},
		"branchMap": {
			"0": {
				"type": "branch",
				"line": 40,
				"loc": { "start": { "line": 40, "column": 1 }, "end": { "line": 51, "column": 2 } },
				"locations": [{ "start": { "line": 40, "column": 1 }, "end": { "line": 51, "column": 2 } }]
			},
			"1": {
				"type": "branch",
				"line": 57,
				"loc": { "start": { "line": 57, "column": 1 }, "end": { "line": 75, "column": 2 } },
				"locations": [{ "start": { "line": 57, "column": 1 }, "end": { "line": 75, "column": 2 } }]
			},
			"2": {
				"type": "branch",
				"line": 58,
				"loc": { "start": { "line": 58, "column": 24 }, "end": { "line": 60, "column": 3 } },
				"locations": [{ "start": { "line": 58, "column": 24 }, "end": { "line": 60, "column": 3 } }]
			},
			"3": {
				"type": "branch",
				"line": 60,
				"loc": { "start": { "line": 60, "column": 2 }, "end": { "line": 67, "column": 59 } },
				"locations": [{ "start": { "line": 60, "column": 2 }, "end": { "line": 67, "column": 59 } }]
			},
			"4": {
				"type": "branch",
				"line": 67,
				"loc": { "start": { "line": 67, "column": 49 }, "end": { "line": 67, "column": 62 } },
				"locations": [
					{ "start": { "line": 67, "column": 49 }, "end": { "line": 67, "column": 62 } }
				]
			},
			"5": {
				"type": "branch",
				"line": 69,
				"loc": { "start": { "line": 69, "column": 33 }, "end": { "line": 72, "column": 3 } },
				"locations": [{ "start": { "line": 69, "column": 33 }, "end": { "line": 72, "column": 3 } }]
			},
			"6": {
				"type": "branch",
				"line": 72,
				"loc": { "start": { "line": 72, "column": 2 }, "end": { "line": 74, "column": 26 } },
				"locations": [{ "start": { "line": 72, "column": 2 }, "end": { "line": 74, "column": 26 } }]
			},
			"7": {
				"type": "branch",
				"line": 346,
				"loc": { "start": { "line": 346, "column": 1 }, "end": { "line": 348, "column": 2 } },
				"locations": [
					{ "start": { "line": 346, "column": 1 }, "end": { "line": 348, "column": 2 } }
				]
			},
			"8": {
				"type": "branch",
				"line": 354,
				"loc": { "start": { "line": 354, "column": 1 }, "end": { "line": 356, "column": 2 } },
				"locations": [
					{ "start": { "line": 354, "column": 1 }, "end": { "line": 356, "column": 2 } }
				]
			},
			"9": {
				"type": "branch",
				"line": 406,
				"loc": { "start": { "line": 406, "column": 1 }, "end": { "line": 408, "column": 2 } },
				"locations": [
					{ "start": { "line": 406, "column": 1 }, "end": { "line": 408, "column": 2 } }
				]
			}
		},
		"b": {
			"0": [10],
			"1": [6],
			"2": [1],
			"3": [5],
			"4": [0],
			"5": [0],
			"6": [5],
			"7": [1],
			"8": [1],
			"9": [3]
		},
		"fnMap": {
			"0": {
				"name": "AutorunHub",
				"decl": { "start": { "line": 40, "column": 1 }, "end": { "line": 51, "column": 2 } },
				"loc": { "start": { "line": 40, "column": 1 }, "end": { "line": 51, "column": 2 } },
				"line": 40
			},
			"1": {
				"name": "initialize",
				"decl": { "start": { "line": 57, "column": 1 }, "end": { "line": 75, "column": 2 } },
				"loc": { "start": { "line": 57, "column": 1 }, "end": { "line": 75, "column": 2 } },
				"line": 57
			},
			"2": {
				"name": "loadAddons",
				"decl": { "start": { "line": 82, "column": 1 }, "end": { "line": 119, "column": 2 } },
				"loc": { "start": { "line": 82, "column": 1 }, "end": { "line": 119, "column": 2 } },
				"line": 82
			},
			"3": {
				"name": "resolveDependencies",
				"decl": { "start": { "line": 127, "column": 9 }, "end": { "line": 155, "column": 2 } },
				"loc": { "start": { "line": 127, "column": 9 }, "end": { "line": 155, "column": 2 } },
				"line": 127
			},
			"4": {
				"name": "registerAddon",
				"decl": { "start": { "line": 161, "column": 1 }, "end": { "line": 165, "column": 2 } },
				"loc": { "start": { "line": 161, "column": 1 }, "end": { "line": 165, "column": 2 } },
				"line": 161
			},
			"5": {
				"name": "activateAddon",
				"decl": { "start": { "line": 172, "column": 1 }, "end": { "line": 257, "column": 2 } },
				"loc": { "start": { "line": 172, "column": 1 }, "end": { "line": 257, "column": 2 } },
				"line": 172
			},
			"6": {
				"name": "checkDependencies",
				"decl": { "start": { "line": 265, "column": 1 }, "end": { "line": 281, "column": 2 } },
				"loc": { "start": { "line": 265, "column": 1 }, "end": { "line": 281, "column": 2 } },
				"line": 265
			},
			"7": {
				"name": "getAddonPath",
				"decl": { "start": { "line": 289, "column": 9 }, "end": { "line": 293, "column": 2 } },
				"loc": { "start": { "line": 289, "column": 9 }, "end": { "line": 293, "column": 2 } },
				"line": 289
			},
			"8": {
				"name": "deactivateAddon",
				"decl": { "start": { "line": 299, "column": 1 }, "end": { "line": 314, "column": 2 } },
				"loc": { "start": { "line": 299, "column": 1 }, "end": { "line": 314, "column": 2 } },
				"line": 299
			},
			"9": {
				"name": "emitEvent",
				"decl": { "start": { "line": 321, "column": 1 }, "end": { "line": 340, "column": 2 } },
				"loc": { "start": { "line": 321, "column": 1 }, "end": { "line": 340, "column": 2 } },
				"line": 321
			},
			"10": {
				"name": "getAvailableAddons",
				"decl": { "start": { "line": 346, "column": 1 }, "end": { "line": 348, "column": 2 } },
				"loc": { "start": { "line": 346, "column": 1 }, "end": { "line": 348, "column": 2 } },
				"line": 346
			},
			"11": {
				"name": "getActiveAddons",
				"decl": { "start": { "line": 354, "column": 1 }, "end": { "line": 356, "column": 2 } },
				"loc": { "start": { "line": 354, "column": 1 }, "end": { "line": 356, "column": 2 } },
				"line": 354
			},
			"12": {
				"name": "getAddon",
				"decl": { "start": { "line": 363, "column": 1 }, "end": { "line": 365, "column": 2 } },
				"loc": { "start": { "line": 363, "column": 1 }, "end": { "line": 365, "column": 2 } },
				"line": 363
			},
			"13": {
				"name": "getService",
				"decl": { "start": { "line": 373, "column": 1 }, "end": { "line": 400, "column": 2 } },
				"loc": { "start": { "line": 373, "column": 1 }, "end": { "line": 400, "column": 2 } },
				"line": 373
			},
			"14": {
				"name": "isInitialized",
				"decl": { "start": { "line": 406, "column": 1 }, "end": { "line": 408, "column": 2 } },
				"loc": { "start": { "line": 406, "column": 1 }, "end": { "line": 408, "column": 2 } },
				"line": 406
			}
		},
		"f": {
			"0": 10,
			"1": 6,
			"2": 0,
			"3": 0,
			"4": 0,
			"5": 0,
			"6": 0,
			"7": 0,
			"8": 0,
			"9": 0,
			"10": 1,
			"11": 1,
			"12": 0,
			"13": 0,
			"14": 3
		}
	},
	"/Users/elkinmac/Desktop/Autorun/packages/autorun-core/src/ComponentLoader.ts": {
		"path": "/Users/elkinmac/Desktop/Autorun/packages/autorun-core/src/ComponentLoader.ts",
		"all": true,
		"statementMap": {
			"27": { "start": { "line": 28, "column": 0 }, "end": { "line": 28, "column": 30 } },
			"28": { "start": { "line": 29, "column": 0 }, "end": { "line": 29, "column": 68 } },
			"29": { "start": { "line": 30, "column": 0 }, "end": { "line": 30, "column": 76 } },
			"36": { "start": { "line": 37, "column": 0 }, "end": { "line": 37, "column": 35 } },
			"39": { "start": { "line": 40, "column": 0 }, "end": { "line": 40, "column": 31 } },
			"40": { "start": { "line": 41, "column": 0 }, "end": { "line": 41, "column": 59 } },
			"43": { "start": { "line": 44, "column": 0 }, "end": { "line": 44, "column": 46 } },
			"44": { "start": { "line": 45, "column": 0 }, "end": { "line": 45, "column": 49 } },
			"45": { "start": { "line": 46, "column": 0 }, "end": { "line": 46, "column": 3 } },
			"48": { "start": { "line": 49, "column": 0 }, "end": { "line": 49, "column": 76 } },
			"49": { "start": { "line": 50, "column": 0 }, "end": { "line": 50, "column": 53 } },
			"51": { "start": { "line": 52, "column": 0 }, "end": { "line": 52, "column": 7 } },
			"52": { "start": { "line": 53, "column": 0 }, "end": { "line": 53, "column": 36 } },
			"53": { "start": { "line": 54, "column": 0 }, "end": { "line": 54, "column": 17 } },
			"54": { "start": { "line": 55, "column": 0 }, "end": { "line": 55, "column": 13 } },
			"55": { "start": { "line": 56, "column": 0 }, "end": { "line": 56, "column": 44 } },
			"56": { "start": { "line": 57, "column": 0 }, "end": { "line": 57, "column": 3 } },
			"57": { "start": { "line": 58, "column": 0 }, "end": { "line": 58, "column": 2 } },
			"62": { "start": { "line": 63, "column": 0 }, "end": { "line": 63, "column": 34 } },
			"63": { "start": { "line": 64, "column": 0 }, "end": { "line": 64, "column": 22 } },
			"64": { "start": { "line": 65, "column": 0 }, "end": { "line": 65, "column": 27 } },
			"65": { "start": { "line": 66, "column": 0 }, "end": { "line": 66, "column": 30 } },
			"67": { "start": { "line": 68, "column": 0 }, "end": { "line": 68, "column": 34 } },
			"68": { "start": { "line": 69, "column": 0 }, "end": { "line": 69, "column": 7 } },
			"69": { "start": { "line": 70, "column": 0 }, "end": { "line": 70, "column": 45 } },
			"70": { "start": { "line": 71, "column": 0 }, "end": { "line": 71, "column": 22 } },
			"71": { "start": { "line": 72, "column": 0 }, "end": { "line": 72, "column": 72 } },
			"72": { "start": { "line": 73, "column": 0 }, "end": { "line": 73, "column": 4 } },
			"73": { "start": { "line": 74, "column": 0 }, "end": { "line": 74, "column": 36 } },
			"74": { "start": { "line": 75, "column": 0 }, "end": { "line": 75, "column": 19 } },
			"75": { "start": { "line": 76, "column": 0 }, "end": { "line": 76, "column": 81 } },
			"76": { "start": { "line": 77, "column": 0 }, "end": { "line": 77, "column": 3 } },
			"79": { "start": { "line": 80, "column": 0 }, "end": { "line": 80, "column": 60 } },
			"80": { "start": { "line": 81, "column": 0 }, "end": { "line": 81, "column": 37 } },
			"81": { "start": { "line": 82, "column": 0 }, "end": { "line": 82, "column": 64 } },
			"82": { "start": { "line": 83, "column": 0 }, "end": { "line": 83, "column": 19 } },
			"83": { "start": { "line": 84, "column": 0 }, "end": { "line": 84, "column": 3 } },
			"86": { "start": { "line": 87, "column": 0 }, "end": { "line": 87, "column": 36 } },
			"87": { "start": { "line": 88, "column": 0 }, "end": { "line": 88, "column": 45 } },
			"88": { "start": { "line": 89, "column": 0 }, "end": { "line": 89, "column": 3 } },
			"91": { "start": { "line": 92, "column": 0 }, "end": { "line": 92, "column": 46 } },
			"92": { "start": { "line": 93, "column": 0 }, "end": { "line": 93, "column": 77 } },
			"95": { "start": { "line": 96, "column": 0 }, "end": { "line": 96, "column": 41 } },
			"96": { "start": { "line": 97, "column": 0 }, "end": { "line": 97, "column": 54 } },
			"97": { "start": { "line": 98, "column": 0 }, "end": { "line": 98, "column": 45 } },
			"98": { "start": { "line": 99, "column": 0 }, "end": { "line": 99, "column": 70 } },
			"101": { "start": { "line": 102, "column": 0 }, "end": { "line": 102, "column": 40 } },
			"102": { "start": { "line": 103, "column": 0 }, "end": { "line": 103, "column": 34 } },
			"103": { "start": { "line": 104, "column": 0 }, "end": { "line": 104, "column": 32 } },
			"104": { "start": { "line": 105, "column": 0 }, "end": { "line": 105, "column": 5 } },
			"105": { "start": { "line": 106, "column": 0 }, "end": { "line": 106, "column": 4 } },
			"106": { "start": { "line": 107, "column": 0 }, "end": { "line": 107, "column": 3 } },
			"109": { "start": { "line": 110, "column": 0 }, "end": { "line": 110, "column": 42 } },
			"110": { "start": { "line": 111, "column": 0 }, "end": { "line": 111, "column": 48 } },
			"111": { "start": { "line": 112, "column": 0 }, "end": { "line": 112, "column": 71 } },
			"114": { "start": { "line": 115, "column": 0 }, "end": { "line": 115, "column": 37 } },
			"115": { "start": { "line": 116, "column": 0 }, "end": { "line": 116, "column": 29 } },
			"116": { "start": { "line": 117, "column": 0 }, "end": { "line": 117, "column": 29 } },
			"117": { "start": { "line": 118, "column": 0 }, "end": { "line": 118, "column": 4 } },
			"118": { "start": { "line": 119, "column": 0 }, "end": { "line": 119, "column": 3 } },
			"121": { "start": { "line": 122, "column": 0 }, "end": { "line": 122, "column": 44 } },
			"122": { "start": { "line": 123, "column": 0 }, "end": { "line": 123, "column": 12 } },
			"123": { "start": { "line": 124, "column": 0 }, "end": { "line": 124, "column": 16 } },
			"124": { "start": { "line": 125, "column": 0 }, "end": { "line": 125, "column": 17 } },
			"125": { "start": { "line": 126, "column": 0 }, "end": { "line": 126, "column": 4 } },
			"127": { "start": { "line": 128, "column": 0 }, "end": { "line": 128, "column": 60 } },
			"129": { "start": { "line": 130, "column": 0 }, "end": { "line": 130, "column": 71 } },
			"130": { "start": { "line": 131, "column": 0 }, "end": { "line": 131, "column": 25 } },
			"131": { "start": { "line": 132, "column": 0 }, "end": { "line": 132, "column": 2 } },
			"136": { "start": { "line": 137, "column": 0 }, "end": { "line": 137, "column": 81 } },
			"137": { "start": { "line": 138, "column": 0 }, "end": { "line": 138, "column": 66 } },
			"138": { "start": { "line": 139, "column": 0 }, "end": { "line": 139, "column": 31 } },
			"139": { "start": { "line": 140, "column": 0 }, "end": { "line": 140, "column": 3 } },
			"140": { "start": { "line": 141, "column": 0 }, "end": { "line": 141, "column": 56 } },
			"142": { "start": { "line": 143, "column": 0 }, "end": { "line": 143, "column": 48 } },
			"143": { "start": { "line": 144, "column": 0 }, "end": { "line": 144, "column": 3 } },
			"145": { "start": { "line": 146, "column": 0 }, "end": { "line": 146, "column": 43 } },
			"146": { "start": { "line": 147, "column": 0 }, "end": { "line": 147, "column": 2 } },
			"151": { "start": { "line": 152, "column": 0 }, "end": { "line": 152, "column": 52 } },
			"152": { "start": { "line": 153, "column": 0 }, "end": { "line": 153, "column": 43 } },
			"154": { "start": { "line": 155, "column": 0 }, "end": { "line": 155, "column": 82 } },
			"155": { "start": { "line": 156, "column": 0 }, "end": { "line": 156, "column": 18 } },
			"156": { "start": { "line": 157, "column": 0 }, "end": { "line": 157, "column": 14 } },
			"157": { "start": { "line": 158, "column": 0 }, "end": { "line": 158, "column": 11 } },
			"158": { "start": { "line": 159, "column": 0 }, "end": { "line": 159, "column": 4 } },
			"160": { "start": { "line": 161, "column": 0 }, "end": { "line": 161, "column": 47 } },
			"161": { "start": { "line": 162, "column": 0 }, "end": { "line": 162, "column": 27 } },
			"162": { "start": { "line": 163, "column": 0 }, "end": { "line": 163, "column": 19 } },
			"163": { "start": { "line": 164, "column": 0 }, "end": { "line": 164, "column": 50 } },
			"164": { "start": { "line": 165, "column": 0 }, "end": { "line": 165, "column": 33 } },
			"165": { "start": { "line": 166, "column": 0 }, "end": { "line": 166, "column": 73 } },
			"166": { "start": { "line": 167, "column": 0 }, "end": { "line": 167, "column": 35 } },
			"167": { "start": { "line": 168, "column": 0 }, "end": { "line": 168, "column": 5 } },
			"168": { "start": { "line": 169, "column": 0 }, "end": { "line": 169, "column": 2 } },
			"173": { "start": { "line": 174, "column": 0 }, "end": { "line": 174, "column": 51 } },
			"174": { "start": { "line": 175, "column": 0 }, "end": { "line": 175, "column": 43 } },
			"176": { "start": { "line": 177, "column": 0 }, "end": { "line": 177, "column": 85 } },
			"177": { "start": { "line": 178, "column": 0 }, "end": { "line": 178, "column": 18 } },
			"178": { "start": { "line": 179, "column": 0 }, "end": { "line": 179, "column": 14 } },
			"179": { "start": { "line": 180, "column": 0 }, "end": { "line": 180, "column": 11 } },
			"180": { "start": { "line": 181, "column": 0 }, "end": { "line": 181, "column": 4 } },
			"182": { "start": { "line": 183, "column": 0 }, "end": { "line": 183, "column": 51 } },
			"183": { "start": { "line": 184, "column": 0 }, "end": { "line": 184, "column": 26 } },
			"184": { "start": { "line": 185, "column": 0 }, "end": { "line": 185, "column": 20 } },
			"185": { "start": { "line": 186, "column": 0 }, "end": { "line": 186, "column": 53 } },
			"186": { "start": { "line": 187, "column": 0 }, "end": { "line": 187, "column": 35 } },
			"187": { "start": { "line": 188, "column": 0 }, "end": { "line": 188, "column": 74 } },
			"188": { "start": { "line": 189, "column": 0 }, "end": { "line": 189, "column": 37 } },
			"189": { "start": { "line": 190, "column": 0 }, "end": { "line": 190, "column": 5 } },
			"190": { "start": { "line": 191, "column": 0 }, "end": { "line": 191, "column": 2 } },
			"195": { "start": { "line": 196, "column": 0 }, "end": { "line": 196, "column": 46 } },
			"196": { "start": { "line": 197, "column": 0 }, "end": { "line": 197, "column": 73 } },
			"197": { "start": { "line": 198, "column": 0 }, "end": { "line": 198, "column": 2 } },
			"202": { "start": { "line": 203, "column": 0 }, "end": { "line": 203, "column": 47 } },
			"203": { "start": { "line": 204, "column": 0 }, "end": { "line": 204, "column": 76 } },
[...]
			"180": { "start": { "line": 181, "column": 0 }, "end": { "line": 181, "column": 67 } },
			"181": { "start": { "line": 182, "column": 0 }, "end": { "line": 182, "column": 67 } },
			"182": { "start": { "line": 183, "column": 0 }, "end": { "line": 183, "column": 65 } },
			"183": { "start": { "line": 184, "column": 0 }, "end": { "line": 184, "column": 4 } },
			"184": { "start": { "line": 185, "column": 0 }, "end": { "line": 185, "column": 3 } },
			"185": { "start": { "line": 186, "column": 0 }, "end": { "line": 186, "column": 17 } },
			"186": { "start": { "line": 187, "column": 0 }, "end": { "line": 187, "column": 22 } },
			"187": { "start": { "line": 188, "column": 0 }, "end": { "line": 188, "column": 24 } },
			"188": { "start": { "line": 189, "column": 0 }, "end": { "line": 189, "column": 28 } },
			"189": { "start": { "line": 190, "column": 0 }, "end": { "line": 190, "column": 13 } },
			"190": { "start": { "line": 191, "column": 0 }, "end": { "line": 191, "column": 56 } },
			"191": { "start": { "line": 192, "column": 0 }, "end": { "line": 192, "column": 67 } },
			"192": { "start": { "line": 193, "column": 0 }, "end": { "line": 193, "column": 70 } },
			"193": { "start": { "line": 194, "column": 0 }, "end": { "line": 194, "column": 4 } },
			"194": { "start": { "line": 195, "column": 0 }, "end": { "line": 195, "column": 3 } },
			"195": { "start": { "line": 196, "column": 0 }, "end": { "line": 196, "column": 12 } },
			"196": { "start": { "line": 197, "column": 0 }, "end": { "line": 197, "column": 17 } },
			"197": { "start": { "line": 198, "column": 0 }, "end": { "line": 198, "column": 19 } },
			"198": { "start": { "line": 199, "column": 0 }, "end": { "line": 199, "column": 28 } },
			"199": { "start": { "line": 200, "column": 0 }, "end": { "line": 200, "column": 13 } },
			"200": { "start": { "line": 201, "column": 0 }, "end": { "line": 201, "column": 68 } },
			"201": { "start": { "line": 202, "column": 0 }, "end": { "line": 202, "column": 65 } },
			"202": { "start": { "line": 203, "column": 0 }, "end": { "line": 203, "column": 4 } },
			"203": { "start": { "line": 204, "column": 0 }, "end": { "line": 204, "column": 3 } },
			"204": { "start": { "line": 205, "column": 0 }, "end": { "line": 205, "column": 17 } },
			"205": { "start": { "line": 206, "column": 0 }, "end": { "line": 206, "column": 22 } },
			"206": { "start": { "line": 207, "column": 0 }, "end": { "line": 207, "column": 24 } },
			"207": { "start": { "line": 208, "column": 0 }, "end": { "line": 208, "column": 28 } },
			"208": { "start": { "line": 209, "column": 0 }, "end": { "line": 209, "column": 13 } },
			"209": { "start": { "line": 210, "column": 0 }, "end": { "line": 210, "column": 58 } },
			"210": { "start": { "line": 211, "column": 0 }, "end": { "line": 211, "column": 68 } },
			"211": { "start": { "line": 212, "column": 0 }, "end": { "line": 212, "column": 71 } },
			"212": { "start": { "line": 213, "column": 0 }, "end": { "line": 213, "column": 4 } },
			"213": { "start": { "line": 214, "column": 0 }, "end": { "line": 214, "column": 3 } },
			"214": { "start": { "line": 215, "column": 0 }, "end": { "line": 215, "column": 15 } },
			"215": { "start": { "line": 216, "column": 0 }, "end": { "line": 216, "column": 18 } },
			"216": { "start": { "line": 217, "column": 0 }, "end": { "line": 217, "column": 20 } },
			"217": { "start": { "line": 218, "column": 0 }, "end": { "line": 218, "column": 28 } },
			"218": { "start": { "line": 219, "column": 0 }, "end": { "line": 219, "column": 13 } },
			"219": { "start": { "line": 220, "column": 0 }, "end": { "line": 220, "column": 67 } },
			"220": { "start": { "line": 221, "column": 0 }, "end": { "line": 221, "column": 74 } },
			"221": { "start": { "line": 222, "column": 0 }, "end": { "line": 222, "column": 4 } },
			"222": { "start": { "line": 223, "column": 0 }, "end": { "line": 223, "column": 3 } },
			"223": { "start": { "line": 224, "column": 0 }, "end": { "line": 224, "column": 2 } },
			"228": { "start": { "line": 229, "column": 0 }, "end": { "line": 229, "column": 36 } },
			"229": { "start": { "line": 230, "column": 0 }, "end": { "line": 230, "column": 13 } },
			"230": { "start": { "line": 231, "column": 0 }, "end": { "line": 231, "column": 13 } },
			"231": { "start": { "line": 232, "column": 0 }, "end": { "line": 232, "column": 20 } },
			"232": { "start": { "line": 233, "column": 0 }, "end": { "line": 233, "column": 31 } },
			"233": { "start": { "line": 234, "column": 0 }, "end": { "line": 234, "column": 19 } },
			"234": { "start": { "line": 235, "column": 0 }, "end": { "line": 235, "column": 21 } },
			"235": { "start": { "line": 236, "column": 0 }, "end": { "line": 236, "column": 3 } },
			"236": { "start": { "line": 237, "column": 0 }, "end": { "line": 237, "column": 12 } },
			"237": { "start": { "line": 238, "column": 0 }, "end": { "line": 238, "column": 43 } },
			"238": { "start": { "line": 239, "column": 0 }, "end": { "line": 239, "column": 16 } },
			"239": { "start": { "line": 240, "column": 0 }, "end": { "line": 240, "column": 20 } },
			"240": { "start": { "line": 241, "column": 0 }, "end": { "line": 241, "column": 27 } },
			"241": { "start": { "line": 242, "column": 0 }, "end": { "line": 242, "column": 43 } },
			"242": { "start": { "line": 243, "column": 0 }, "end": { "line": 243, "column": 31 } },
			"243": { "start": { "line": 244, "column": 0 }, "end": { "line": 244, "column": 3 } },
			"244": { "start": { "line": 245, "column": 0 }, "end": { "line": 245, "column": 10 } },
			"245": { "start": { "line": 246, "column": 0 }, "end": { "line": 246, "column": 19 } },
			"246": { "start": { "line": 247, "column": 0 }, "end": { "line": 247, "column": 27 } },
			"247": { "start": { "line": 248, "column": 0 }, "end": { "line": 248, "column": 3 } },
			"248": { "start": { "line": 249, "column": 0 }, "end": { "line": 249, "column": 10 } },
			"249": { "start": { "line": 250, "column": 0 }, "end": { "line": 250, "column": 19 } },
			"250": { "start": { "line": 251, "column": 0 }, "end": { "line": 251, "column": 17 } },
			"251": { "start": { "line": 252, "column": 0 }, "end": { "line": 252, "column": 3 } },
			"252": { "start": { "line": 253, "column": 0 }, "end": { "line": 253, "column": 11 } },
			"253": { "start": { "line": 254, "column": 0 }, "end": { "line": 254, "column": 42 } },
			"254": { "start": { "line": 255, "column": 0 }, "end": { "line": 255, "column": 16 } },
			"255": { "start": { "line": 256, "column": 0 }, "end": { "line": 256, "column": 3 } },
			"256": { "start": { "line": 257, "column": 0 }, "end": { "line": 257, "column": 14 } },
			"257": { "start": { "line": 258, "column": 0 }, "end": { "line": 258, "column": 31 } },
			"258": { "start": { "line": 259, "column": 0 }, "end": { "line": 259, "column": 26 } },
			"259": { "start": { "line": 260, "column": 0 }, "end": { "line": 260, "column": 41 } },
			"260": { "start": { "line": 261, "column": 0 }, "end": { "line": 261, "column": 3 } },
			"262": { "start": { "line": 263, "column": 0 }, "end": { "line": 263, "column": 10 } },
			"263": { "start": { "line": 264, "column": 0 }, "end": { "line": 264, "column": 37 } },
			"264": { "start": { "line": 265, "column": 0 }, "end": { "line": 265, "column": 45 } },
			"265": { "start": { "line": 266, "column": 0 }, "end": { "line": 266, "column": 12 } },
			"266": { "start": { "line": 267, "column": 0 }, "end": { "line": 267, "column": 20 } },
			"267": { "start": { "line": 268, "column": 0 }, "end": { "line": 268, "column": 17 } },
			"268": { "start": { "line": 269, "column": 0 }, "end": { "line": 269, "column": 18 } },
			"269": { "start": { "line": 270, "column": 0 }, "end": { "line": 270, "column": 50 } },
			"270": { "start": { "line": 271, "column": 0 }, "end": { "line": 271, "column": 3 } },
			"271": { "start": { "line": 272, "column": 0 }, "end": { "line": 272, "column": 12 } },
			"272": { "start": { "line": 273, "column": 0 }, "end": { "line": 273, "column": 35 } },
			"273": { "start": { "line": 274, "column": 0 }, "end": { "line": 274, "column": 19 } },
			"274": { "start": { "line": 275, "column": 0 }, "end": { "line": 275, "column": 18 } },
			"275": { "start": { "line": 276, "column": 0 }, "end": { "line": 276, "column": 3 } },
			"277": { "start": { "line": 278, "column": 0 }, "end": { "line": 278, "column": 10 } },
			"278": { "start": { "line": 279, "column": 0 }, "end": { "line": 279, "column": 16 } },
			"279": { "start": { "line": 280, "column": 0 }, "end": { "line": 280, "column": 17 } },
			"280": { "start": { "line": 281, "column": 0 }, "end": { "line": 281, "column": 22 } },
			"281": { "start": { "line": 282, "column": 0 }, "end": { "line": 282, "column": 12 } },
			"282": { "start": { "line": 283, "column": 0 }, "end": { "line": 283, "column": 17 } },
			"283": { "start": { "line": 284, "column": 0 }, "end": { "line": 284, "column": 18 } },
			"284": { "start": { "line": 285, "column": 0 }, "end": { "line": 285, "column": 14 } },
			"285": { "start": { "line": 286, "column": 0 }, "end": { "line": 286, "column": 19 } },
			"286": { "start": { "line": 287, "column": 0 }, "end": { "line": 287, "column": 5 } },
			"287": { "start": { "line": 288, "column": 0 }, "end": { "line": 288, "column": 4 } },
			"288": { "start": { "line": 289, "column": 0 }, "end": { "line": 289, "column": 15 } },
			"289": { "start": { "line": 290, "column": 0 }, "end": { "line": 290, "column": 12 } },
			"290": { "start": { "line": 291, "column": 0 }, "end": { "line": 291, "column": 3 } },
			"291": { "start": { "line": 292, "column": 0 }, "end": { "line": 292, "column": 14 } },
			"292": { "start": { "line": 293, "column": 0 }, "end": { "line": 293, "column": 16 } },
			"293": { "start": { "line": 294, "column": 0 }, "end": { "line": 294, "column": 13 } },
			"294": { "start": { "line": 295, "column": 0 }, "end": { "line": 295, "column": 13 } },
			"295": { "start": { "line": 296, "column": 0 }, "end": { "line": 296, "column": 3 } },
			"296": { "start": { "line": 297, "column": 0 }, "end": { "line": 297, "column": 13 } },
			"297": { "start": { "line": 298, "column": 0 }, "end": { "line": 298, "column": 16 } },
			"298": { "start": { "line": 299, "column": 0 }, "end": { "line": 299, "column": 45 } },
			"299": { "start": { "line": 300, "column": 0 }, "end": { "line": 300, "column": 37 } },
			"300": { "start": { "line": 301, "column": 0 }, "end": { "line": 301, "column": 40 } },
			"301": { "start": { "line": 302, "column": 0 }, "end": { "line": 302, "column": 57 } },
			"302": { "start": { "line": 303, "column": 0 }, "end": { "line": 303, "column": 3 } },
			"304": { "start": { "line": 305, "column": 0 }, "end": { "line": 305, "column": 8 } },
			"305": { "start": { "line": 306, "column": 0 }, "end": { "line": 306, "column": 16 } },
			"306": { "start": { "line": 307, "column": 0 }, "end": { "line": 307, "column": 38 } },
			"307": { "start": { "line": 308, "column": 0 }, "end": { "line": 308, "column": 30 } },
			"308": { "start": { "line": 309, "column": 0 }, "end": { "line": 309, "column": 63 } },
			"309": { "start": { "line": 310, "column": 0 }, "end": { "line": 310, "column": 16 } },
			"310": { "start": { "line": 311, "column": 0 }, "end": { "line": 311, "column": 20 } },
			"311": { "start": { "line": 312, "column": 0 }, "end": { "line": 312, "column": 3 } },
			"312": { "start": { "line": 313, "column": 0 }, "end": { "line": 313, "column": 12 } },
			"313": { "start": { "line": 314, "column": 0 }, "end": { "line": 314, "column": 16 } },
			"314": { "start": { "line": 315, "column": 0 }, "end": { "line": 315, "column": 19 } },
			"315": { "start": { "line": 316, "column": 0 }, "end": { "line": 316, "column": 22 } },
			"316": { "start": { "line": 317, "column": 0 }, "end": { "line": 317, "column": 21 } },
			"317": { "start": { "line": 318, "column": 0 }, "end": { "line": 318, "column": 3 } },
			"319": { "start": { "line": 320, "column": 0 }, "end": { "line": 320, "column": 14 } },
			"320": { "start": { "line": 321, "column": 0 }, "end": { "line": 321, "column": 16 } },
			"321": { "start": { "line": 322, "column": 0 }, "end": { "line": 322, "column": 21 } },
			"322": { "start": { "line": 323, "column": 0 }, "end": { "line": 323, "column": 41 } },
			"323": { "start": { "line": 324, "column": 0 }, "end": { "line": 324, "column": 72 } },
			"324": { "start": { "line": 325, "column": 0 }, "end": { "line": 325, "column": 31 } },
			"325": { "start": { "line": 326, "column": 0 }, "end": { "line": 326, "column": 3 } },
			"326": { "start": { "line": 327, "column": 0 }, "end": { "line": 327, "column": 18 } },
			"327": { "start": { "line": 328, "column": 0 }, "end": { "line": 328, "column": 16 } },
			"328": { "start": { "line": 329, "column": 0 }, "end": { "line": 329, "column": 25 } },
			"329": { "start": { "line": 330, "column": 0 }, "end": { "line": 330, "column": 26 } },
			"330": { "start": { "line": 331, "column": 0 }, "end": { "line": 331, "column": 27 } },
			"331": { "start": { "line": 332, "column": 0 }, "end": { "line": 332, "column": 3 } },
			"333": { "start": { "line": 334, "column": 0 }, "end": { "line": 334, "column": 10 } },
			"334": { "start": { "line": 335, "column": 0 }, "end": { "line": 335, "column": 16 } },
			"335": { "start": { "line": 336, "column": 0 }, "end": { "line": 336, "column": 36 } },
			"336": { "start": { "line": 337, "column": 0 }, "end": { "line": 337, "column": 28 } },
			"337": { "start": { "line": 338, "column": 0 }, "end": { "line": 338, "column": 24 } },
			"338": { "start": { "line": 339, "column": 0 }, "end": { "line": 339, "column": 18 } },
			"339": { "start": { "line": 340, "column": 0 }, "end": { "line": 340, "column": 3 } },
			"352": { "start": { "line": 353, "column": 0 }, "end": { "line": 353, "column": 11 } },
			"353": { "start": { "line": 354, "column": 0 }, "end": { "line": 354, "column": 16 } },
			"354": { "start": { "line": 355, "column": 0 }, "end": { "line": 355, "column": 38 } },
			"355": { "start": { "line": 356, "column": 0 }, "end": { "line": 356, "column": 47 } },
			"356": { "start": { "line": 357, "column": 0 }, "end": { "line": 357, "column": 3 } },
			"358": { "start": { "line": 359, "column": 0 }, "end": { "line": 359, "column": 16 } },
			"359": { "start": { "line": 360, "column": 0 }, "end": { "line": 360, "column": 16 } },
			"360": { "start": { "line": 361, "column": 0 }, "end": { "line": 361, "column": 40 } },
			"361": { "start": { "line": 362, "column": 0 }, "end": { "line": 362, "column": 38 } },
			"362": { "start": { "line": 363, "column": 0 }, "end": { "line": 363, "column": 19 } },
			"363": { "start": { "line": 364, "column": 0 }, "end": { "line": 364, "column": 49 } },
			"364": { "start": { "line": 365, "column": 0 }, "end": { "line": 365, "column": 3 } },
			"365": { "start": { "line": 366, "column": 0 }, "end": { "line": 366, "column": 2 } }
		},
		"s": {
			"48": 0,
			"49": 0,
			"50": 0,
			"51": 0,
			"52": 0,
			"53": 0,
			"56": 0,
			"58": 0,
			"59": 0,
			"62": 0,
			"63": 0,
			"66": 0,
			"67": 0,
			"68": 0,
			"71": 0,
			"72": 0,
			"75": 0,
			"76": 0,
			"77": 0,
			"80": 0,
			"81": 0,
			"84": 0,
			"85": 0,
			"86": 0,
			"89": 0,
			"90": 0,
			"91": 0,
			"92": 0,
			"93": 0,
			"94": 0,
			"95": 0,
			"96": 0,
			"97": 0,
			"98": 0,
			"99": 0,
			"100": 0,
			"101": 0,
			"102": 0,
			"103": 0,
			"104": 0,
			"105": 0,
			"106": 0,
			"107": 0,
			"108": 0,
			"109": 0,
			"110": 0,
			"111": 0,
			"112": 0,
			"113": 0,
			"114": 0,
			"115": 0,
			"116": 0,
			"117": 0,
			"118": 0,
			"119": 0,
			"120": 0,
			"121": 0,
			"122": 0,
			"123": 0,
			"124": 0,
			"125": 0,
			"126": 0,
			"127": 0,
			"128": 0,
			"129": 0,
			"130": 0,
			"131": 0,
			"132": 0,
			"133": 0,
			"134": 0,
			"135": 0,
			"136": 0,
			"137": 0,
			"138": 0,
			"139": 0,
			"140": 0,
			"141": 0,
			"142": 0,
			"143": 0,
			"144": 0,
			"145": 0,
			"146": 0,
			"147": 0,
			"148": 0,
			"149": 0,
			"150": 0,
			"151": 0,
			"152": 0,
			"153": 0,
			"154": 0,
			"155": 0,
			"156": 0,
			"157": 0,
			"162": 0,
			"163": 0,
			"164": 0,
			"165": 0,
			"166": 0,
			"167": 0,
			"168": 0,
			"169": 0,
			"170": 0,
			"171": 0,
			"172": 0,
			"173": 0,
			"174": 0,
			"175": 0,
			"176": 0,
			"177": 0,
			"178": 0,
			"179": 0,
			"180": 0,
			"181": 0,
			"182": 0,
			"183": 0,
			"184": 0,
			"185": 0,
			"186": 0,
			"187": 0,
			"188": 0,
			"189": 0,
			"190": 0,
			"191": 0,
			"192": 0,
			"193": 0,
			"194": 0,
			"195": 0,
			"196": 0,
			"197": 0,
			"198": 0,
			"199": 0,
			"200": 0,
			"201": 0,
			"202": 0,
			"203": 0,
			"204": 0,
			"205": 0,
			"206": 0,
			"207": 0,
			"208": 0,
			"209": 0,
			"210": 0,
			"211": 0,
			"212": 0,
			"213": 0,
			"214": 0,
			"215": 0,
			"216": 0,
			"217": 0,
			"218": 0,
			"219": 0,
			"220": 0,
			"221": 0,
			"222": 0,
			"223": 0,
			"228": 0,
			"229": 0,
			"230": 0,
			"231": 0,
			"232": 0,
			"233": 0,
			"234": 0,
			"235": 0,
			"236": 0,
			"237": 0,
			"238": 0,
			"239": 0,
			"240": 0,
			"241": 0,
			"242": 0,
			"243": 0,
			"244": 0,
			"245": 0,
			"246": 0,
			"247": 0,
			"248": 0,
			"249": 0,
			"250": 0,
			"251": 0,
			"252": 0,
			"253": 0,
			"254": 0,
			"255": 0,
			"256": 0,
			"257": 0,
			"258": 0,
			"259": 0,
			"260": 0,
			"262": 0,
			"263": 0,
			"264": 0,
			"265": 0,
			"266": 0,
			"267": 0,
			"268": 0,
			"269": 0,
			"270": 0,
			"271": 0,
			"272": 0,
			"273": 0,
			"274": 0,
			"275": 0,
			"277": 0,
			"278": 0,
			"279": 0,
			"280": 0,
			"281": 0,
			"282": 0,
			"283": 0,
			"284": 0,
			"285": 0,
			"286": 0,
			"287": 0,
			"288": 0,
			"289": 0,
			"290": 0,
			"291": 0,
			"292": 0,
			"293": 0,
			"294": 0,
			"295": 0,
			"296": 0,
			"297": 0,
			"298": 0,
			"299": 0,
			"300": 0,
			"301": 0,
			"302": 0,
			"304": 0,
			"305": 0,
			"306": 0,
			"307": 0,
			"308": 0,
			"309": 0,
			"310": 0,
			"311": 0,
			"312": 0,
			"313": 0,
			"314": 0,
			"315": 0,
			"316": 0,
			"317": 0,
			"319": 0,
			"320": 0,
			"321": 0,
			"322": 0,
			"323": 0,
			"324": 0,
			"325": 0,
			"326": 0,
			"327": 0,
			"328": 0,
			"329": 0,
			"330": 0,
			"331": 0,
			"333": 0,
			"334": 0,
			"335": 0,
			"336": 0,
			"337": 0,
			"338": 0,
			"339": 0,
			"352": 0,
			"353": 0,
			"354": 0,
			"355": 0,
			"356": 0,
			"358": 0,
			"359": 0,
			"360": 0,
			"361": 0,
			"362": 0,
			"363": 0,
			"364": 0,
			"365": 0
		},
		"branchMap": {
			"0": {
				"type": "branch",
				"line": 1,
				"loc": { "start": { "line": 1, "column": 8492 }, "end": { "line": 366, "column": 2 } },
				"locations": [
					{ "start": { "line": 1, "column": 8492 }, "end": { "line": 366, "column": 2 } }
				]
			}
		},
		"b": { "0": [1] },
		"fnMap": {
			"0": {
				"name": "(empty-report)",
				"decl": { "start": { "line": 1, "column": 8492 }, "end": { "line": 366, "column": 2 } },
				"loc": { "start": { "line": 1, "column": 8492 }, "end": { "line": 366, "column": 2 } },
				"line": 1
			}
		},
		"f": { "0": 1 }
	},
	"/Users/elkinmac/Desktop/Autorun/packages/autorun-core/src/wizard/index.ts": {
		"path": "/Users/elkinmac/Desktop/Autorun/packages/autorun-core/src/wizard/index.ts",
		"all": true,
		"statementMap": {
			"0": { "start": { "line": 1, "column": 0 }, "end": { "line": 1, "column": 3 } }
		},
		"s": { "0": 0 },
		"branchMap": {
			"0": {
				"type": "branch",
				"line": 1,
				"loc": { "start": { "line": 1, "column": 796 }, "end": { "line": 22, "column": 97 } },
				"locations": [
					{ "start": { "line": 1, "column": 796 }, "end": { "line": 22, "column": 97 } }
				]
			}
		},
		"b": { "0": [0] },
		"fnMap": {
			"0": {
				"name": "(empty-report)",
				"decl": { "start": { "line": 1, "column": 796 }, "end": { "line": 22, "column": 97 } },
				"loc": { "start": { "line": 1, "column": 796 }, "end": { "line": 22, "column": 97 } },
				"line": 1
			}
		},
		"f": { "0": 0 }
	}
}
